INFO 2024-06-12 10:51:59,095 autoreload Watching for file changes with StatReloader
INFO 2024-06-12 10:52:11,485 autoreload /home/rayhan/DI Software Projects/JobPortal/DIJobs/applications/views.py changed, reloading.
INFO 2024-06-12 10:52:11,987 autoreload Watching for file changes with StatReloader
INFO 2024-06-12 10:52:22,328 autoreload /home/rayhan/DI Software Projects/JobPortal/DIJobs/applications/views.py changed, reloading.
INFO 2024-06-12 10:52:22,750 autoreload Watching for file changes with StatReloader
INFO 2024-06-12 10:52:35,189 autoreload /home/rayhan/DI Software Projects/JobPortal/DIJobs/applications/views.py changed, reloading.
INFO 2024-06-12 10:52:35,589 autoreload Watching for file changes with StatReloader
INFO 2024-06-12 10:52:37,790 autoreload /home/rayhan/DI Software Projects/JobPortal/DIJobs/applications/views.py changed, reloading.
INFO 2024-06-12 10:52:38,244 autoreload Watching for file changes with StatReloader
INFO 2024-06-12 10:52:52,686 autoreload /home/rayhan/DI Software Projects/JobPortal/DIJobs/applications/views.py changed, reloading.
INFO 2024-06-12 10:52:53,140 autoreload Watching for file changes with StatReloader
DEBUG 2024-06-12 10:53:20,789 views Request data before copy: <QueryDict: {'name': ['Lesley Richards'], 'email': ['LRichards@democracyinternational.com'], 'phone': ['+8801717272999'], 'expected_salary': ['160000'], 'notes': ['N/A'], 'cv': [<InMemoryUploadedFile: RAYHAN AHMED RAKIB (1).pdf (application/pdf)>]}>
DEBUG 2024-06-12 10:53:20,790 views Modified data: <QueryDict: {'name': ['Lesley Richards'], 'email': ['LRichards@democracyinternational.com'], 'phone': ['+8801717272999'], 'expected_salary': ['160000'], 'notes': ['N/A'], 'cv': [<InMemoryUploadedFile: RAYHAN AHMED RAKIB (1).pdf (application/pdf)>], 'candidate': [13], 'job': [6], 'status': [0]}>
ERROR 2024-06-12 10:53:20,829 log Internal Server Error: /api/v1/jobs/fullstack/software-engineer-full-stack/apply
Traceback (most recent call last):
  File "/home/rayhan/DI Software Projects/JobPortal/venv/lib/python3.12/site-packages/django/db/backends/utils.py", line 105, in _execute
    return self.cursor.execute(sql, params)
           ^^^^^^^^^^^^^^^^^^^^^^^^^^^^^^^^
  File "/home/rayhan/DI Software Projects/JobPortal/venv/lib/python3.12/site-packages/django/db/backends/mysql/base.py", line 76, in execute
    return self.cursor.execute(query, args)
           ^^^^^^^^^^^^^^^^^^^^^^^^^^^^^^^^
  File "/home/rayhan/DI Software Projects/JobPortal/venv/lib/python3.12/site-packages/MySQLdb/cursors.py", line 179, in execute
    res = self._query(mogrified_query)
          ^^^^^^^^^^^^^^^^^^^^^^^^^^^^
  File "/home/rayhan/DI Software Projects/JobPortal/venv/lib/python3.12/site-packages/MySQLdb/cursors.py", line 331, in _query
    self._do_get_result(db)
  File "/home/rayhan/DI Software Projects/JobPortal/venv/lib/python3.12/site-packages/MySQLdb/cursors.py", line 136, in _do_get_result
    self._result = result = self._get_result()
                            ^^^^^^^^^^^^^^^^^^
  File "/home/rayhan/DI Software Projects/JobPortal/venv/lib/python3.12/site-packages/MySQLdb/cursors.py", line 363, in _get_result
    return self._get_db().store_result()
           ^^^^^^^^^^^^^^^^^^^^^^^^^^^^^
MySQLdb.IntegrityError: (1048, "Column 'candidate_id' cannot be null")

The above exception was the direct cause of the following exception:

Traceback (most recent call last):
  File "/home/rayhan/DI Software Projects/JobPortal/venv/lib/python3.12/site-packages/django/core/handlers/exception.py", line 55, in inner
    response = get_response(request)
               ^^^^^^^^^^^^^^^^^^^^^
  File "/home/rayhan/DI Software Projects/JobPortal/venv/lib/python3.12/site-packages/django/core/handlers/base.py", line 197, in _get_response
    response = wrapped_callback(request, *callback_args, **callback_kwargs)
               ^^^^^^^^^^^^^^^^^^^^^^^^^^^^^^^^^^^^^^^^^^^^^^^^^^^^^^^^^^^^
  File "/home/rayhan/DI Software Projects/JobPortal/venv/lib/python3.12/site-packages/django/views/decorators/csrf.py", line 65, in _view_wrapper
    return view_func(request, *args, **kwargs)
           ^^^^^^^^^^^^^^^^^^^^^^^^^^^^^^^^^^^
  File "/home/rayhan/DI Software Projects/JobPortal/venv/lib/python3.12/site-packages/django/views/generic/base.py", line 104, in view
    return self.dispatch(request, *args, **kwargs)
           ^^^^^^^^^^^^^^^^^^^^^^^^^^^^^^^^^^^^^^^
  File "/home/rayhan/DI Software Projects/JobPortal/venv/lib/python3.12/site-packages/rest_framework/views.py", line 509, in dispatch
    response = self.handle_exception(exc)
               ^^^^^^^^^^^^^^^^^^^^^^^^^^
  File "/home/rayhan/DI Software Projects/JobPortal/venv/lib/python3.12/site-packages/rest_framework/views.py", line 469, in handle_exception
    self.raise_uncaught_exception(exc)
  File "/home/rayhan/DI Software Projects/JobPortal/venv/lib/python3.12/site-packages/rest_framework/views.py", line 480, in raise_uncaught_exception
    raise exc
  File "/home/rayhan/DI Software Projects/JobPortal/venv/lib/python3.12/site-packages/rest_framework/views.py", line 506, in dispatch
    response = handler(request, *args, **kwargs)
               ^^^^^^^^^^^^^^^^^^^^^^^^^^^^^^^^^
  File "/home/rayhan/DI Software Projects/JobPortal/DIJobs/applications/views.py", line 29, in post
    serializer.save()
  File "/home/rayhan/DI Software Projects/JobPortal/venv/lib/python3.12/site-packages/rest_framework/serializers.py", line 208, in save
    self.instance = self.create(validated_data)
                    ^^^^^^^^^^^^^^^^^^^^^^^^^^^
  File "/home/rayhan/DI Software Projects/JobPortal/venv/lib/python3.12/site-packages/rest_framework/serializers.py", line 989, in create
    instance = ModelClass._default_manager.create(**validated_data)
               ^^^^^^^^^^^^^^^^^^^^^^^^^^^^^^^^^^^^^^^^^^^^^^^^^^^^
  File "/home/rayhan/DI Software Projects/JobPortal/venv/lib/python3.12/site-packages/django/db/models/manager.py", line 87, in manager_method
    return getattr(self.get_queryset(), name)(*args, **kwargs)
           ^^^^^^^^^^^^^^^^^^^^^^^^^^^^^^^^^^^^^^^^^^^^^^^^^^^
  File "/home/rayhan/DI Software Projects/JobPortal/venv/lib/python3.12/site-packages/django/db/models/query.py", line 679, in create
    obj.save(force_insert=True, using=self.db)
  File "/home/rayhan/DI Software Projects/JobPortal/venv/lib/python3.12/site-packages/django/db/models/base.py", line 822, in save
    self.save_base(
  File "/home/rayhan/DI Software Projects/JobPortal/venv/lib/python3.12/site-packages/django/db/models/base.py", line 909, in save_base
    updated = self._save_table(
              ^^^^^^^^^^^^^^^^^
  File "/home/rayhan/DI Software Projects/JobPortal/venv/lib/python3.12/site-packages/django/db/models/base.py", line 1071, in _save_table
    results = self._do_insert(
              ^^^^^^^^^^^^^^^^
  File "/home/rayhan/DI Software Projects/JobPortal/venv/lib/python3.12/site-packages/django/db/models/base.py", line 1112, in _do_insert
    return manager._insert(
           ^^^^^^^^^^^^^^^^
  File "/home/rayhan/DI Software Projects/JobPortal/venv/lib/python3.12/site-packages/django/db/models/manager.py", line 87, in manager_method
    return getattr(self.get_queryset(), name)(*args, **kwargs)
           ^^^^^^^^^^^^^^^^^^^^^^^^^^^^^^^^^^^^^^^^^^^^^^^^^^^
  File "/home/rayhan/DI Software Projects/JobPortal/venv/lib/python3.12/site-packages/django/db/models/query.py", line 1847, in _insert
    return query.get_compiler(using=using).execute_sql(returning_fields)
           ^^^^^^^^^^^^^^^^^^^^^^^^^^^^^^^^^^^^^^^^^^^^^^^^^^^^^^^^^^^^^
  File "/home/rayhan/DI Software Projects/JobPortal/venv/lib/python3.12/site-packages/django/db/models/sql/compiler.py", line 1823, in execute_sql
    cursor.execute(sql, params)
  File "/home/rayhan/DI Software Projects/JobPortal/venv/lib/python3.12/site-packages/django/db/backends/utils.py", line 122, in execute
    return super().execute(sql, params)
           ^^^^^^^^^^^^^^^^^^^^^^^^^^^^
  File "/home/rayhan/DI Software Projects/JobPortal/venv/lib/python3.12/site-packages/django/db/backends/utils.py", line 79, in execute
    return self._execute_with_wrappers(
           ^^^^^^^^^^^^^^^^^^^^^^^^^^^^
  File "/home/rayhan/DI Software Projects/JobPortal/venv/lib/python3.12/site-packages/django/db/backends/utils.py", line 92, in _execute_with_wrappers
    return executor(sql, params, many, context)
           ^^^^^^^^^^^^^^^^^^^^^^^^^^^^^^^^^^^^
  File "/home/rayhan/DI Software Projects/JobPortal/venv/lib/python3.12/site-packages/django/db/backends/utils.py", line 100, in _execute
    with self.db.wrap_database_errors:
  File "/home/rayhan/DI Software Projects/JobPortal/venv/lib/python3.12/site-packages/django/db/utils.py", line 91, in __exit__
    raise dj_exc_value.with_traceback(traceback) from exc_value
  File "/home/rayhan/DI Software Projects/JobPortal/venv/lib/python3.12/site-packages/django/db/backends/utils.py", line 105, in _execute
    return self.cursor.execute(sql, params)
           ^^^^^^^^^^^^^^^^^^^^^^^^^^^^^^^^
  File "/home/rayhan/DI Software Projects/JobPortal/venv/lib/python3.12/site-packages/django/db/backends/mysql/base.py", line 76, in execute
    return self.cursor.execute(query, args)
           ^^^^^^^^^^^^^^^^^^^^^^^^^^^^^^^^
  File "/home/rayhan/DI Software Projects/JobPortal/venv/lib/python3.12/site-packages/MySQLdb/cursors.py", line 179, in execute
    res = self._query(mogrified_query)
          ^^^^^^^^^^^^^^^^^^^^^^^^^^^^
  File "/home/rayhan/DI Software Projects/JobPortal/venv/lib/python3.12/site-packages/MySQLdb/cursors.py", line 331, in _query
    self._do_get_result(db)
  File "/home/rayhan/DI Software Projects/JobPortal/venv/lib/python3.12/site-packages/MySQLdb/cursors.py", line 136, in _do_get_result
    self._result = result = self._get_result()
                            ^^^^^^^^^^^^^^^^^^
  File "/home/rayhan/DI Software Projects/JobPortal/venv/lib/python3.12/site-packages/MySQLdb/cursors.py", line 363, in _get_result
    return self._get_db().store_result()
           ^^^^^^^^^^^^^^^^^^^^^^^^^^^^^
django.db.utils.IntegrityError: (1048, "Column 'candidate_id' cannot be null")
INFO 2024-06-12 10:55:26,204 autoreload /home/rayhan/DI Software Projects/JobPortal/DIJobs/applications/views.py changed, reloading.
INFO 2024-06-12 10:55:26,542 autoreload Watching for file changes with StatReloader
INFO 2024-06-12 10:55:29,717 autoreload /home/rayhan/DI Software Projects/JobPortal/DIJobs/applications/views.py changed, reloading.
INFO 2024-06-12 10:55:30,007 autoreload Watching for file changes with StatReloader
INFO 2024-06-12 10:55:44,394 autoreload /home/rayhan/DI Software Projects/JobPortal/DIJobs/applications/views.py changed, reloading.
INFO 2024-06-12 10:55:44,876 autoreload Watching for file changes with StatReloader
INFO 2024-06-12 10:55:56,217 autoreload /home/rayhan/DI Software Projects/JobPortal/DIJobs/applications/views.py changed, reloading.
INFO 2024-06-12 10:55:56,545 autoreload Watching for file changes with StatReloader
INFO 2024-06-12 10:55:57,795 autoreload /home/rayhan/DI Software Projects/JobPortal/DIJobs/applications/views.py changed, reloading.
INFO 2024-06-12 10:55:58,206 autoreload Watching for file changes with StatReloader
DEBUG 2024-06-12 10:56:24,567 views Request data before copy: <QueryDict: {'name': ['Lesley Richards'], 'email': ['LRichards@democracyinternational.com'], 'phone': ['+8801717272999'], 'expected_salary': ['145000'], 'notes': ['N/A'], 'cv': [<InMemoryUploadedFile: RAYHAN AHMED RAKIB (1).pdf (application/pdf)>]}>
DEBUG 2024-06-12 10:56:24,567 views Modified data: <QueryDict: {'name': ['Lesley Richards'], 'email': ['LRichards@democracyinternational.com'], 'phone': ['+8801717272999'], 'expected_salary': ['145000'], 'notes': ['N/A'], 'cv': [<InMemoryUploadedFile: RAYHAN AHMED RAKIB (1).pdf (application/pdf)>], 'candidate': ['13'], 'job': ['6'], 'status': ['0']}>
ERROR 2024-06-12 10:56:24,607 log Internal Server Error: /api/v1/jobs/fullstack/software-engineer-full-stack/apply
Traceback (most recent call last):
  File "/home/rayhan/DI Software Projects/JobPortal/venv/lib/python3.12/site-packages/django/db/backends/utils.py", line 105, in _execute
    return self.cursor.execute(sql, params)
           ^^^^^^^^^^^^^^^^^^^^^^^^^^^^^^^^
  File "/home/rayhan/DI Software Projects/JobPortal/venv/lib/python3.12/site-packages/django/db/backends/mysql/base.py", line 76, in execute
    return self.cursor.execute(query, args)
           ^^^^^^^^^^^^^^^^^^^^^^^^^^^^^^^^
  File "/home/rayhan/DI Software Projects/JobPortal/venv/lib/python3.12/site-packages/MySQLdb/cursors.py", line 179, in execute
    res = self._query(mogrified_query)
          ^^^^^^^^^^^^^^^^^^^^^^^^^^^^
  File "/home/rayhan/DI Software Projects/JobPortal/venv/lib/python3.12/site-packages/MySQLdb/cursors.py", line 331, in _query
    self._do_get_result(db)
  File "/home/rayhan/DI Software Projects/JobPortal/venv/lib/python3.12/site-packages/MySQLdb/cursors.py", line 136, in _do_get_result
    self._result = result = self._get_result()
                            ^^^^^^^^^^^^^^^^^^
  File "/home/rayhan/DI Software Projects/JobPortal/venv/lib/python3.12/site-packages/MySQLdb/cursors.py", line 363, in _get_result
    return self._get_db().store_result()
           ^^^^^^^^^^^^^^^^^^^^^^^^^^^^^
MySQLdb.IntegrityError: (1048, "Column 'candidate_id' cannot be null")

The above exception was the direct cause of the following exception:

Traceback (most recent call last):
  File "/home/rayhan/DI Software Projects/JobPortal/venv/lib/python3.12/site-packages/django/core/handlers/exception.py", line 55, in inner
    response = get_response(request)
               ^^^^^^^^^^^^^^^^^^^^^
  File "/home/rayhan/DI Software Projects/JobPortal/venv/lib/python3.12/site-packages/django/core/handlers/base.py", line 197, in _get_response
    response = wrapped_callback(request, *callback_args, **callback_kwargs)
               ^^^^^^^^^^^^^^^^^^^^^^^^^^^^^^^^^^^^^^^^^^^^^^^^^^^^^^^^^^^^
  File "/home/rayhan/DI Software Projects/JobPortal/venv/lib/python3.12/site-packages/django/views/decorators/csrf.py", line 65, in _view_wrapper
    return view_func(request, *args, **kwargs)
           ^^^^^^^^^^^^^^^^^^^^^^^^^^^^^^^^^^^
  File "/home/rayhan/DI Software Projects/JobPortal/venv/lib/python3.12/site-packages/django/views/generic/base.py", line 104, in view
    return self.dispatch(request, *args, **kwargs)
           ^^^^^^^^^^^^^^^^^^^^^^^^^^^^^^^^^^^^^^^
  File "/home/rayhan/DI Software Projects/JobPortal/venv/lib/python3.12/site-packages/rest_framework/views.py", line 509, in dispatch
    response = self.handle_exception(exc)
               ^^^^^^^^^^^^^^^^^^^^^^^^^^
  File "/home/rayhan/DI Software Projects/JobPortal/venv/lib/python3.12/site-packages/rest_framework/views.py", line 469, in handle_exception
    self.raise_uncaught_exception(exc)
  File "/home/rayhan/DI Software Projects/JobPortal/venv/lib/python3.12/site-packages/rest_framework/views.py", line 480, in raise_uncaught_exception
    raise exc
  File "/home/rayhan/DI Software Projects/JobPortal/venv/lib/python3.12/site-packages/rest_framework/views.py", line 506, in dispatch
    response = handler(request, *args, **kwargs)
               ^^^^^^^^^^^^^^^^^^^^^^^^^^^^^^^^^
  File "/home/rayhan/DI Software Projects/JobPortal/DIJobs/applications/views.py", line 29, in post
    serializer.save()
  File "/home/rayhan/DI Software Projects/JobPortal/venv/lib/python3.12/site-packages/rest_framework/serializers.py", line 208, in save
    self.instance = self.create(validated_data)
                    ^^^^^^^^^^^^^^^^^^^^^^^^^^^
  File "/home/rayhan/DI Software Projects/JobPortal/venv/lib/python3.12/site-packages/rest_framework/serializers.py", line 989, in create
    instance = ModelClass._default_manager.create(**validated_data)
               ^^^^^^^^^^^^^^^^^^^^^^^^^^^^^^^^^^^^^^^^^^^^^^^^^^^^
  File "/home/rayhan/DI Software Projects/JobPortal/venv/lib/python3.12/site-packages/django/db/models/manager.py", line 87, in manager_method
    return getattr(self.get_queryset(), name)(*args, **kwargs)
           ^^^^^^^^^^^^^^^^^^^^^^^^^^^^^^^^^^^^^^^^^^^^^^^^^^^
  File "/home/rayhan/DI Software Projects/JobPortal/venv/lib/python3.12/site-packages/django/db/models/query.py", line 679, in create
    obj.save(force_insert=True, using=self.db)
  File "/home/rayhan/DI Software Projects/JobPortal/venv/lib/python3.12/site-packages/django/db/models/base.py", line 822, in save
    self.save_base(
  File "/home/rayhan/DI Software Projects/JobPortal/venv/lib/python3.12/site-packages/django/db/models/base.py", line 909, in save_base
    updated = self._save_table(
              ^^^^^^^^^^^^^^^^^
  File "/home/rayhan/DI Software Projects/JobPortal/venv/lib/python3.12/site-packages/django/db/models/base.py", line 1071, in _save_table
    results = self._do_insert(
              ^^^^^^^^^^^^^^^^
  File "/home/rayhan/DI Software Projects/JobPortal/venv/lib/python3.12/site-packages/django/db/models/base.py", line 1112, in _do_insert
    return manager._insert(
           ^^^^^^^^^^^^^^^^
  File "/home/rayhan/DI Software Projects/JobPortal/venv/lib/python3.12/site-packages/django/db/models/manager.py", line 87, in manager_method
    return getattr(self.get_queryset(), name)(*args, **kwargs)
           ^^^^^^^^^^^^^^^^^^^^^^^^^^^^^^^^^^^^^^^^^^^^^^^^^^^
  File "/home/rayhan/DI Software Projects/JobPortal/venv/lib/python3.12/site-packages/django/db/models/query.py", line 1847, in _insert
    return query.get_compiler(using=using).execute_sql(returning_fields)
           ^^^^^^^^^^^^^^^^^^^^^^^^^^^^^^^^^^^^^^^^^^^^^^^^^^^^^^^^^^^^^
  File "/home/rayhan/DI Software Projects/JobPortal/venv/lib/python3.12/site-packages/django/db/models/sql/compiler.py", line 1823, in execute_sql
    cursor.execute(sql, params)
  File "/home/rayhan/DI Software Projects/JobPortal/venv/lib/python3.12/site-packages/django/db/backends/utils.py", line 122, in execute
    return super().execute(sql, params)
           ^^^^^^^^^^^^^^^^^^^^^^^^^^^^
  File "/home/rayhan/DI Software Projects/JobPortal/venv/lib/python3.12/site-packages/django/db/backends/utils.py", line 79, in execute
    return self._execute_with_wrappers(
           ^^^^^^^^^^^^^^^^^^^^^^^^^^^^
  File "/home/rayhan/DI Software Projects/JobPortal/venv/lib/python3.12/site-packages/django/db/backends/utils.py", line 92, in _execute_with_wrappers
    return executor(sql, params, many, context)
           ^^^^^^^^^^^^^^^^^^^^^^^^^^^^^^^^^^^^
  File "/home/rayhan/DI Software Projects/JobPortal/venv/lib/python3.12/site-packages/django/db/backends/utils.py", line 100, in _execute
    with self.db.wrap_database_errors:
  File "/home/rayhan/DI Software Projects/JobPortal/venv/lib/python3.12/site-packages/django/db/utils.py", line 91, in __exit__
    raise dj_exc_value.with_traceback(traceback) from exc_value
  File "/home/rayhan/DI Software Projects/JobPortal/venv/lib/python3.12/site-packages/django/db/backends/utils.py", line 105, in _execute
    return self.cursor.execute(sql, params)
           ^^^^^^^^^^^^^^^^^^^^^^^^^^^^^^^^
  File "/home/rayhan/DI Software Projects/JobPortal/venv/lib/python3.12/site-packages/django/db/backends/mysql/base.py", line 76, in execute
    return self.cursor.execute(query, args)
           ^^^^^^^^^^^^^^^^^^^^^^^^^^^^^^^^
  File "/home/rayhan/DI Software Projects/JobPortal/venv/lib/python3.12/site-packages/MySQLdb/cursors.py", line 179, in execute
    res = self._query(mogrified_query)
          ^^^^^^^^^^^^^^^^^^^^^^^^^^^^
  File "/home/rayhan/DI Software Projects/JobPortal/venv/lib/python3.12/site-packages/MySQLdb/cursors.py", line 331, in _query
    self._do_get_result(db)
  File "/home/rayhan/DI Software Projects/JobPortal/venv/lib/python3.12/site-packages/MySQLdb/cursors.py", line 136, in _do_get_result
    self._result = result = self._get_result()
                            ^^^^^^^^^^^^^^^^^^
  File "/home/rayhan/DI Software Projects/JobPortal/venv/lib/python3.12/site-packages/MySQLdb/cursors.py", line 363, in _get_result
    return self._get_db().store_result()
           ^^^^^^^^^^^^^^^^^^^^^^^^^^^^^
django.db.utils.IntegrityError: (1048, "Column 'candidate_id' cannot be null")
INFO 2024-06-12 11:00:19,393 autoreload /home/rayhan/DI Software Projects/JobPortal/DIJobs/applications/views.py changed, reloading.
INFO 2024-06-12 11:00:19,712 autoreload Watching for file changes with StatReloader
INFO 2024-06-12 11:00:22,961 autoreload /home/rayhan/DI Software Projects/JobPortal/DIJobs/applications/views.py changed, reloading.
INFO 2024-06-12 11:00:23,373 autoreload Watching for file changes with StatReloader
DEBUG 2024-06-12 11:00:33,180 views Request data before copy: <QueryDict: {'name': ['Lesley Richards'], 'email': ['LRichards@democracyinternational.com'], 'phone': ['+8801717272999'], 'expected_salary': ['145000'], 'notes': ['N/A'], 'cv': [<InMemoryUploadedFile: RAYHAN AHMED RAKIB (1).pdf (application/pdf)>]}>
DEBUG 2024-06-12 11:00:33,180 views Modified data: <QueryDict: {'name': ['Lesley Richards'], 'email': ['LRichards@democracyinternational.com'], 'phone': ['+8801717272999'], 'expected_salary': ['145000'], 'notes': ['N/A'], 'cv': [<InMemoryUploadedFile: RAYHAN AHMED RAKIB (1).pdf (application/pdf)>], 'candidate_id': ['13'], 'job_id': ['6'], 'status': ['0']}>
ERROR 2024-06-12 11:00:33,223 log Internal Server Error: /api/v1/jobs/fullstack/software-engineer-full-stack/apply
Traceback (most recent call last):
  File "/home/rayhan/DI Software Projects/JobPortal/venv/lib/python3.12/site-packages/django/db/backends/utils.py", line 105, in _execute
    return self.cursor.execute(sql, params)
           ^^^^^^^^^^^^^^^^^^^^^^^^^^^^^^^^
  File "/home/rayhan/DI Software Projects/JobPortal/venv/lib/python3.12/site-packages/django/db/backends/mysql/base.py", line 76, in execute
    return self.cursor.execute(query, args)
           ^^^^^^^^^^^^^^^^^^^^^^^^^^^^^^^^
  File "/home/rayhan/DI Software Projects/JobPortal/venv/lib/python3.12/site-packages/MySQLdb/cursors.py", line 179, in execute
    res = self._query(mogrified_query)
          ^^^^^^^^^^^^^^^^^^^^^^^^^^^^
  File "/home/rayhan/DI Software Projects/JobPortal/venv/lib/python3.12/site-packages/MySQLdb/cursors.py", line 331, in _query
    self._do_get_result(db)
  File "/home/rayhan/DI Software Projects/JobPortal/venv/lib/python3.12/site-packages/MySQLdb/cursors.py", line 136, in _do_get_result
    self._result = result = self._get_result()
                            ^^^^^^^^^^^^^^^^^^
  File "/home/rayhan/DI Software Projects/JobPortal/venv/lib/python3.12/site-packages/MySQLdb/cursors.py", line 363, in _get_result
    return self._get_db().store_result()
           ^^^^^^^^^^^^^^^^^^^^^^^^^^^^^
MySQLdb.IntegrityError: (1048, "Column 'candidate_id' cannot be null")

The above exception was the direct cause of the following exception:

Traceback (most recent call last):
  File "/home/rayhan/DI Software Projects/JobPortal/venv/lib/python3.12/site-packages/django/core/handlers/exception.py", line 55, in inner
    response = get_response(request)
               ^^^^^^^^^^^^^^^^^^^^^
  File "/home/rayhan/DI Software Projects/JobPortal/venv/lib/python3.12/site-packages/django/core/handlers/base.py", line 197, in _get_response
    response = wrapped_callback(request, *callback_args, **callback_kwargs)
               ^^^^^^^^^^^^^^^^^^^^^^^^^^^^^^^^^^^^^^^^^^^^^^^^^^^^^^^^^^^^
  File "/home/rayhan/DI Software Projects/JobPortal/venv/lib/python3.12/site-packages/django/views/decorators/csrf.py", line 65, in _view_wrapper
    return view_func(request, *args, **kwargs)
           ^^^^^^^^^^^^^^^^^^^^^^^^^^^^^^^^^^^
  File "/home/rayhan/DI Software Projects/JobPortal/venv/lib/python3.12/site-packages/django/views/generic/base.py", line 104, in view
    return self.dispatch(request, *args, **kwargs)
           ^^^^^^^^^^^^^^^^^^^^^^^^^^^^^^^^^^^^^^^
  File "/home/rayhan/DI Software Projects/JobPortal/venv/lib/python3.12/site-packages/rest_framework/views.py", line 509, in dispatch
    response = self.handle_exception(exc)
               ^^^^^^^^^^^^^^^^^^^^^^^^^^
  File "/home/rayhan/DI Software Projects/JobPortal/venv/lib/python3.12/site-packages/rest_framework/views.py", line 469, in handle_exception
    self.raise_uncaught_exception(exc)
  File "/home/rayhan/DI Software Projects/JobPortal/venv/lib/python3.12/site-packages/rest_framework/views.py", line 480, in raise_uncaught_exception
    raise exc
  File "/home/rayhan/DI Software Projects/JobPortal/venv/lib/python3.12/site-packages/rest_framework/views.py", line 506, in dispatch
    response = handler(request, *args, **kwargs)
               ^^^^^^^^^^^^^^^^^^^^^^^^^^^^^^^^^
  File "/home/rayhan/DI Software Projects/JobPortal/DIJobs/applications/views.py", line 29, in post
    serializer.save()
  File "/home/rayhan/DI Software Projects/JobPortal/venv/lib/python3.12/site-packages/rest_framework/serializers.py", line 208, in save
    self.instance = self.create(validated_data)
                    ^^^^^^^^^^^^^^^^^^^^^^^^^^^
  File "/home/rayhan/DI Software Projects/JobPortal/venv/lib/python3.12/site-packages/rest_framework/serializers.py", line 989, in create
    instance = ModelClass._default_manager.create(**validated_data)
               ^^^^^^^^^^^^^^^^^^^^^^^^^^^^^^^^^^^^^^^^^^^^^^^^^^^^
  File "/home/rayhan/DI Software Projects/JobPortal/venv/lib/python3.12/site-packages/django/db/models/manager.py", line 87, in manager_method
    return getattr(self.get_queryset(), name)(*args, **kwargs)
           ^^^^^^^^^^^^^^^^^^^^^^^^^^^^^^^^^^^^^^^^^^^^^^^^^^^
  File "/home/rayhan/DI Software Projects/JobPortal/venv/lib/python3.12/site-packages/django/db/models/query.py", line 679, in create
    obj.save(force_insert=True, using=self.db)
  File "/home/rayhan/DI Software Projects/JobPortal/venv/lib/python3.12/site-packages/django/db/models/base.py", line 822, in save
    self.save_base(
  File "/home/rayhan/DI Software Projects/JobPortal/venv/lib/python3.12/site-packages/django/db/models/base.py", line 909, in save_base
    updated = self._save_table(
              ^^^^^^^^^^^^^^^^^
  File "/home/rayhan/DI Software Projects/JobPortal/venv/lib/python3.12/site-packages/django/db/models/base.py", line 1071, in _save_table
    results = self._do_insert(
              ^^^^^^^^^^^^^^^^
  File "/home/rayhan/DI Software Projects/JobPortal/venv/lib/python3.12/site-packages/django/db/models/base.py", line 1112, in _do_insert
    return manager._insert(
           ^^^^^^^^^^^^^^^^
  File "/home/rayhan/DI Software Projects/JobPortal/venv/lib/python3.12/site-packages/django/db/models/manager.py", line 87, in manager_method
    return getattr(self.get_queryset(), name)(*args, **kwargs)
           ^^^^^^^^^^^^^^^^^^^^^^^^^^^^^^^^^^^^^^^^^^^^^^^^^^^
  File "/home/rayhan/DI Software Projects/JobPortal/venv/lib/python3.12/site-packages/django/db/models/query.py", line 1847, in _insert
    return query.get_compiler(using=using).execute_sql(returning_fields)
           ^^^^^^^^^^^^^^^^^^^^^^^^^^^^^^^^^^^^^^^^^^^^^^^^^^^^^^^^^^^^^
  File "/home/rayhan/DI Software Projects/JobPortal/venv/lib/python3.12/site-packages/django/db/models/sql/compiler.py", line 1823, in execute_sql
    cursor.execute(sql, params)
  File "/home/rayhan/DI Software Projects/JobPortal/venv/lib/python3.12/site-packages/django/db/backends/utils.py", line 122, in execute
    return super().execute(sql, params)
           ^^^^^^^^^^^^^^^^^^^^^^^^^^^^
  File "/home/rayhan/DI Software Projects/JobPortal/venv/lib/python3.12/site-packages/django/db/backends/utils.py", line 79, in execute
    return self._execute_with_wrappers(
           ^^^^^^^^^^^^^^^^^^^^^^^^^^^^
  File "/home/rayhan/DI Software Projects/JobPortal/venv/lib/python3.12/site-packages/django/db/backends/utils.py", line 92, in _execute_with_wrappers
    return executor(sql, params, many, context)
           ^^^^^^^^^^^^^^^^^^^^^^^^^^^^^^^^^^^^
  File "/home/rayhan/DI Software Projects/JobPortal/venv/lib/python3.12/site-packages/django/db/backends/utils.py", line 100, in _execute
    with self.db.wrap_database_errors:
  File "/home/rayhan/DI Software Projects/JobPortal/venv/lib/python3.12/site-packages/django/db/utils.py", line 91, in __exit__
    raise dj_exc_value.with_traceback(traceback) from exc_value
  File "/home/rayhan/DI Software Projects/JobPortal/venv/lib/python3.12/site-packages/django/db/backends/utils.py", line 105, in _execute
    return self.cursor.execute(sql, params)
           ^^^^^^^^^^^^^^^^^^^^^^^^^^^^^^^^
  File "/home/rayhan/DI Software Projects/JobPortal/venv/lib/python3.12/site-packages/django/db/backends/mysql/base.py", line 76, in execute
    return self.cursor.execute(query, args)
           ^^^^^^^^^^^^^^^^^^^^^^^^^^^^^^^^
  File "/home/rayhan/DI Software Projects/JobPortal/venv/lib/python3.12/site-packages/MySQLdb/cursors.py", line 179, in execute
    res = self._query(mogrified_query)
          ^^^^^^^^^^^^^^^^^^^^^^^^^^^^
  File "/home/rayhan/DI Software Projects/JobPortal/venv/lib/python3.12/site-packages/MySQLdb/cursors.py", line 331, in _query
    self._do_get_result(db)
  File "/home/rayhan/DI Software Projects/JobPortal/venv/lib/python3.12/site-packages/MySQLdb/cursors.py", line 136, in _do_get_result
    self._result = result = self._get_result()
                            ^^^^^^^^^^^^^^^^^^
  File "/home/rayhan/DI Software Projects/JobPortal/venv/lib/python3.12/site-packages/MySQLdb/cursors.py", line 363, in _get_result
    return self._get_db().store_result()
           ^^^^^^^^^^^^^^^^^^^^^^^^^^^^^
django.db.utils.IntegrityError: (1048, "Column 'candidate_id' cannot be null")
DEBUG 2024-06-12 11:08:51,589 views Request data before copy: <QueryDict: {'name': ['Lesley Richards'], 'email': ['LRichards@democracyinternational.com'], 'phone': ['+8801717272999'], 'expected_salary': ['145000'], 'notes': ['N/A'], 'cv': [<InMemoryUploadedFile: RAYHAN AHMED RAKIB (1).pdf (application/pdf)>]}>
DEBUG 2024-06-12 11:08:51,589 views Modified data: <QueryDict: {'name': ['Lesley Richards'], 'email': ['LRichards@democracyinternational.com'], 'phone': ['+8801717272999'], 'expected_salary': ['145000'], 'notes': ['N/A'], 'cv': [<InMemoryUploadedFile: RAYHAN AHMED RAKIB (1).pdf (application/pdf)>], 'candidate_id': ['13'], 'job_id': ['6'], 'status': ['0']}>
ERROR 2024-06-12 11:08:51,626 log Internal Server Error: /api/v1/jobs/fullstack/software-engineer-full-stack/apply
Traceback (most recent call last):
  File "/home/rayhan/DI Software Projects/JobPortal/venv/lib/python3.12/site-packages/django/db/backends/utils.py", line 105, in _execute
    return self.cursor.execute(sql, params)
           ^^^^^^^^^^^^^^^^^^^^^^^^^^^^^^^^
  File "/home/rayhan/DI Software Projects/JobPortal/venv/lib/python3.12/site-packages/django/db/backends/mysql/base.py", line 76, in execute
    return self.cursor.execute(query, args)
           ^^^^^^^^^^^^^^^^^^^^^^^^^^^^^^^^
  File "/home/rayhan/DI Software Projects/JobPortal/venv/lib/python3.12/site-packages/MySQLdb/cursors.py", line 179, in execute
    res = self._query(mogrified_query)
          ^^^^^^^^^^^^^^^^^^^^^^^^^^^^
  File "/home/rayhan/DI Software Projects/JobPortal/venv/lib/python3.12/site-packages/MySQLdb/cursors.py", line 331, in _query
    self._do_get_result(db)
  File "/home/rayhan/DI Software Projects/JobPortal/venv/lib/python3.12/site-packages/MySQLdb/cursors.py", line 136, in _do_get_result
    self._result = result = self._get_result()
                            ^^^^^^^^^^^^^^^^^^
  File "/home/rayhan/DI Software Projects/JobPortal/venv/lib/python3.12/site-packages/MySQLdb/cursors.py", line 363, in _get_result
    return self._get_db().store_result()
           ^^^^^^^^^^^^^^^^^^^^^^^^^^^^^
MySQLdb.IntegrityError: (1048, "Column 'job_id' cannot be null")

The above exception was the direct cause of the following exception:

Traceback (most recent call last):
  File "/home/rayhan/DI Software Projects/JobPortal/venv/lib/python3.12/site-packages/django/core/handlers/exception.py", line 55, in inner
    response = get_response(request)
               ^^^^^^^^^^^^^^^^^^^^^
  File "/home/rayhan/DI Software Projects/JobPortal/venv/lib/python3.12/site-packages/django/core/handlers/base.py", line 197, in _get_response
    response = wrapped_callback(request, *callback_args, **callback_kwargs)
               ^^^^^^^^^^^^^^^^^^^^^^^^^^^^^^^^^^^^^^^^^^^^^^^^^^^^^^^^^^^^
  File "/home/rayhan/DI Software Projects/JobPortal/venv/lib/python3.12/site-packages/django/views/decorators/csrf.py", line 65, in _view_wrapper
    return view_func(request, *args, **kwargs)
           ^^^^^^^^^^^^^^^^^^^^^^^^^^^^^^^^^^^
  File "/home/rayhan/DI Software Projects/JobPortal/venv/lib/python3.12/site-packages/django/views/generic/base.py", line 104, in view
    return self.dispatch(request, *args, **kwargs)
           ^^^^^^^^^^^^^^^^^^^^^^^^^^^^^^^^^^^^^^^
  File "/home/rayhan/DI Software Projects/JobPortal/venv/lib/python3.12/site-packages/rest_framework/views.py", line 509, in dispatch
    response = self.handle_exception(exc)
               ^^^^^^^^^^^^^^^^^^^^^^^^^^
  File "/home/rayhan/DI Software Projects/JobPortal/venv/lib/python3.12/site-packages/rest_framework/views.py", line 469, in handle_exception
    self.raise_uncaught_exception(exc)
  File "/home/rayhan/DI Software Projects/JobPortal/venv/lib/python3.12/site-packages/rest_framework/views.py", line 480, in raise_uncaught_exception
    raise exc
  File "/home/rayhan/DI Software Projects/JobPortal/venv/lib/python3.12/site-packages/rest_framework/views.py", line 506, in dispatch
    response = handler(request, *args, **kwargs)
               ^^^^^^^^^^^^^^^^^^^^^^^^^^^^^^^^^
  File "/home/rayhan/DI Software Projects/JobPortal/DIJobs/applications/views.py", line 29, in post
    serializer.save()
  File "/home/rayhan/DI Software Projects/JobPortal/venv/lib/python3.12/site-packages/rest_framework/serializers.py", line 208, in save
    self.instance = self.create(validated_data)
                    ^^^^^^^^^^^^^^^^^^^^^^^^^^^
  File "/home/rayhan/DI Software Projects/JobPortal/venv/lib/python3.12/site-packages/rest_framework/serializers.py", line 989, in create
    instance = ModelClass._default_manager.create(**validated_data)
               ^^^^^^^^^^^^^^^^^^^^^^^^^^^^^^^^^^^^^^^^^^^^^^^^^^^^
  File "/home/rayhan/DI Software Projects/JobPortal/venv/lib/python3.12/site-packages/django/db/models/manager.py", line 87, in manager_method
    return getattr(self.get_queryset(), name)(*args, **kwargs)
           ^^^^^^^^^^^^^^^^^^^^^^^^^^^^^^^^^^^^^^^^^^^^^^^^^^^
  File "/home/rayhan/DI Software Projects/JobPortal/venv/lib/python3.12/site-packages/django/db/models/query.py", line 679, in create
    obj.save(force_insert=True, using=self.db)
  File "/home/rayhan/DI Software Projects/JobPortal/venv/lib/python3.12/site-packages/django/db/models/base.py", line 822, in save
    self.save_base(
  File "/home/rayhan/DI Software Projects/JobPortal/venv/lib/python3.12/site-packages/django/db/models/base.py", line 909, in save_base
    updated = self._save_table(
              ^^^^^^^^^^^^^^^^^
  File "/home/rayhan/DI Software Projects/JobPortal/venv/lib/python3.12/site-packages/django/db/models/base.py", line 1071, in _save_table
    results = self._do_insert(
              ^^^^^^^^^^^^^^^^
  File "/home/rayhan/DI Software Projects/JobPortal/venv/lib/python3.12/site-packages/django/db/models/base.py", line 1112, in _do_insert
    return manager._insert(
           ^^^^^^^^^^^^^^^^
  File "/home/rayhan/DI Software Projects/JobPortal/venv/lib/python3.12/site-packages/django/db/models/manager.py", line 87, in manager_method
    return getattr(self.get_queryset(), name)(*args, **kwargs)
           ^^^^^^^^^^^^^^^^^^^^^^^^^^^^^^^^^^^^^^^^^^^^^^^^^^^
  File "/home/rayhan/DI Software Projects/JobPortal/venv/lib/python3.12/site-packages/django/db/models/query.py", line 1847, in _insert
    return query.get_compiler(using=using).execute_sql(returning_fields)
           ^^^^^^^^^^^^^^^^^^^^^^^^^^^^^^^^^^^^^^^^^^^^^^^^^^^^^^^^^^^^^
  File "/home/rayhan/DI Software Projects/JobPortal/venv/lib/python3.12/site-packages/django/db/models/sql/compiler.py", line 1823, in execute_sql
    cursor.execute(sql, params)
  File "/home/rayhan/DI Software Projects/JobPortal/venv/lib/python3.12/site-packages/django/db/backends/utils.py", line 122, in execute
    return super().execute(sql, params)
           ^^^^^^^^^^^^^^^^^^^^^^^^^^^^
  File "/home/rayhan/DI Software Projects/JobPortal/venv/lib/python3.12/site-packages/django/db/backends/utils.py", line 79, in execute
    return self._execute_with_wrappers(
           ^^^^^^^^^^^^^^^^^^^^^^^^^^^^
  File "/home/rayhan/DI Software Projects/JobPortal/venv/lib/python3.12/site-packages/django/db/backends/utils.py", line 92, in _execute_with_wrappers
    return executor(sql, params, many, context)
           ^^^^^^^^^^^^^^^^^^^^^^^^^^^^^^^^^^^^
  File "/home/rayhan/DI Software Projects/JobPortal/venv/lib/python3.12/site-packages/django/db/backends/utils.py", line 100, in _execute
    with self.db.wrap_database_errors:
  File "/home/rayhan/DI Software Projects/JobPortal/venv/lib/python3.12/site-packages/django/db/utils.py", line 91, in __exit__
    raise dj_exc_value.with_traceback(traceback) from exc_value
  File "/home/rayhan/DI Software Projects/JobPortal/venv/lib/python3.12/site-packages/django/db/backends/utils.py", line 105, in _execute
    return self.cursor.execute(sql, params)
           ^^^^^^^^^^^^^^^^^^^^^^^^^^^^^^^^
  File "/home/rayhan/DI Software Projects/JobPortal/venv/lib/python3.12/site-packages/django/db/backends/mysql/base.py", line 76, in execute
    return self.cursor.execute(query, args)
           ^^^^^^^^^^^^^^^^^^^^^^^^^^^^^^^^
  File "/home/rayhan/DI Software Projects/JobPortal/venv/lib/python3.12/site-packages/MySQLdb/cursors.py", line 179, in execute
    res = self._query(mogrified_query)
          ^^^^^^^^^^^^^^^^^^^^^^^^^^^^
  File "/home/rayhan/DI Software Projects/JobPortal/venv/lib/python3.12/site-packages/MySQLdb/cursors.py", line 331, in _query
    self._do_get_result(db)
  File "/home/rayhan/DI Software Projects/JobPortal/venv/lib/python3.12/site-packages/MySQLdb/cursors.py", line 136, in _do_get_result
    self._result = result = self._get_result()
                            ^^^^^^^^^^^^^^^^^^
  File "/home/rayhan/DI Software Projects/JobPortal/venv/lib/python3.12/site-packages/MySQLdb/cursors.py", line 363, in _get_result
    return self._get_db().store_result()
           ^^^^^^^^^^^^^^^^^^^^^^^^^^^^^
django.db.utils.IntegrityError: (1048, "Column 'job_id' cannot be null")
DEBUG 2024-06-12 11:09:16,287 views Request data before copy: <QueryDict: {'name': ['Lesley Richards'], 'email': ['LRichards@democracyinternational.com'], 'phone': ['+88'], 'expected_salary': ['145000'], 'notes': ['N/A'], 'cv': [<InMemoryUploadedFile: RAYHAN AHMED RAKIB (1).pdf (application/pdf)>]}>
DEBUG 2024-06-12 11:09:16,288 views Modified data: <QueryDict: {'name': ['Lesley Richards'], 'email': ['LRichards@democracyinternational.com'], 'phone': ['+88'], 'expected_salary': ['145000'], 'notes': ['N/A'], 'cv': [<InMemoryUploadedFile: RAYHAN AHMED RAKIB (1).pdf (application/pdf)>], 'candidate_id': ['13'], 'job_id': ['6'], 'status': ['0']}>
INFO 2024-06-12 11:09:16,291 views Application created for job: software-engineer-full-stack, candidate: 13
INFO 2024-06-12 11:10:13,191 autoreload /home/rayhan/DI Software Projects/JobPortal/DIJobs/applications/serializers.py changed, reloading.
INFO 2024-06-12 11:10:13,542 autoreload Watching for file changes with StatReloader
INFO 2024-06-12 11:10:15,786 autoreload /home/rayhan/DI Software Projects/JobPortal/DIJobs/applications/serializers.py changed, reloading.
INFO 2024-06-12 11:10:16,108 autoreload Watching for file changes with StatReloader
INFO 2024-06-12 11:10:19,357 autoreload /home/rayhan/DI Software Projects/JobPortal/DIJobs/applications/serializers.py changed, reloading.
INFO 2024-06-12 11:10:19,668 autoreload Watching for file changes with StatReloader
INFO 2024-06-12 11:10:22,929 autoreload /home/rayhan/DI Software Projects/JobPortal/DIJobs/applications/serializers.py changed, reloading.
INFO 2024-06-12 11:10:23,228 autoreload Watching for file changes with StatReloader
DEBUG 2024-06-12 11:10:46,893 views Request data before copy: <QueryDict: {'name': ['Lesley Richards'], 'email': ['LRichards@democracyinternational.com'], 'phone': ['+8801717272999'], 'expected_salary': ['145000'], 'notes': ['N/A'], 'cv': [<InMemoryUploadedFile: RAYHAN AHMED RAKIB (1).pdf (application/pdf)>]}>
DEBUG 2024-06-12 11:10:46,894 views Modified data: <QueryDict: {'name': ['Lesley Richards'], 'email': ['LRichards@democracyinternational.com'], 'phone': ['+8801717272999'], 'expected_salary': ['145000'], 'notes': ['N/A'], 'cv': [<InMemoryUploadedFile: RAYHAN AHMED RAKIB (1).pdf (application/pdf)>], 'candidate_id': ['13'], 'job_id': ['5'], 'status': ['0']}>
INFO 2024-06-12 11:10:46,898 views Application created for job: senior-fullstack-developer, candidate: 13
INFO 2024-06-12 11:11:20,123 autoreload /home/rayhan/DI Software Projects/JobPortal/DIJobs/applications/serializers.py changed, reloading.
INFO 2024-06-12 11:11:20,536 autoreload Watching for file changes with StatReloader
DEBUG 2024-06-12 11:11:38,490 views Request data before copy: <QueryDict: {'name': ['Lesley Richards'], 'email': ['LRichards@democracyinternational.com'], 'phone': ['+8801717272999'], 'expected_salary': ['160000'], 'notes': ['N/A'], 'cv': [<InMemoryUploadedFile: RAYHAN AHMED RAKIB (1).pdf (application/pdf)>]}>
DEBUG 2024-06-12 11:11:38,490 views Modified data: <QueryDict: {'name': ['Lesley Richards'], 'email': ['LRichards@democracyinternational.com'], 'phone': ['+8801717272999'], 'expected_salary': ['160000'], 'notes': ['N/A'], 'cv': [<InMemoryUploadedFile: RAYHAN AHMED RAKIB (1).pdf (application/pdf)>], 'candidate_id': ['13'], 'job_id': ['5'], 'status': ['0']}>
INFO 2024-06-12 11:11:38,494 views Application created for job: senior-fullstack-developer, candidate: 13
INFO 2024-06-12 11:21:31,695 autoreload Watching for file changes with StatReloader
INFO 2024-06-12 11:31:12,029 autoreload /home/rayhan/DI Software Projects/JobPortal/DIJobs/applications/serializers.py changed, reloading.
INFO 2024-06-12 11:31:14,269 autoreload Watching for file changes with StatReloader
INFO 2024-06-12 11:32:16,578 autoreload /home/rayhan/DI Software Projects/JobPortal/DIJobs/applications/views.py changed, reloading.
INFO 2024-06-12 11:32:18,177 autoreload Watching for file changes with StatReloader
DEBUG 2024-06-12 11:33:07,731 views Authenticated user ID: 13
DEBUG 2024-06-12 11:33:07,731 views Job ID: 4
DEBUG 2024-06-12 11:33:07,743 views Modified data: <QueryDict: {'name': ['Lesley Richards'], 'email': ['LRichards@democracyinternational.com'], 'phone': ['+8801717272999'], 'expected_salary': ['160000'], 'notes': ['N/A'], 'cv': [<InMemoryUploadedFile: RAYHAN AHMED RAKIB (1).pdf (application/pdf)>], 'candidate': [13], 'job': [4], 'status': [0]}>
ERROR 2024-06-12 11:33:08,108 log Internal Server Error: /api/v1/jobs/backend/php-backend-developer/apply
Traceback (most recent call last):
  File "/home/rayhan/DI Software Projects/JobPortal/venv/lib/python3.12/site-packages/django/db/backends/utils.py", line 105, in _execute
    return self.cursor.execute(sql, params)
           ^^^^^^^^^^^^^^^^^^^^^^^^^^^^^^^^
  File "/home/rayhan/DI Software Projects/JobPortal/venv/lib/python3.12/site-packages/django/db/backends/mysql/base.py", line 76, in execute
    return self.cursor.execute(query, args)
           ^^^^^^^^^^^^^^^^^^^^^^^^^^^^^^^^
  File "/home/rayhan/DI Software Projects/JobPortal/venv/lib/python3.12/site-packages/MySQLdb/cursors.py", line 179, in execute
    res = self._query(mogrified_query)
          ^^^^^^^^^^^^^^^^^^^^^^^^^^^^
  File "/home/rayhan/DI Software Projects/JobPortal/venv/lib/python3.12/site-packages/MySQLdb/cursors.py", line 331, in _query
    self._do_get_result(db)
  File "/home/rayhan/DI Software Projects/JobPortal/venv/lib/python3.12/site-packages/MySQLdb/cursors.py", line 136, in _do_get_result
    self._result = result = self._get_result()
                            ^^^^^^^^^^^^^^^^^^
  File "/home/rayhan/DI Software Projects/JobPortal/venv/lib/python3.12/site-packages/MySQLdb/cursors.py", line 363, in _get_result
    return self._get_db().store_result()
           ^^^^^^^^^^^^^^^^^^^^^^^^^^^^^
MySQLdb.IntegrityError: (1048, "Column 'candidate_id' cannot be null")

The above exception was the direct cause of the following exception:

Traceback (most recent call last):
  File "/home/rayhan/DI Software Projects/JobPortal/venv/lib/python3.12/site-packages/django/core/handlers/exception.py", line 55, in inner
    response = get_response(request)
               ^^^^^^^^^^^^^^^^^^^^^
  File "/home/rayhan/DI Software Projects/JobPortal/venv/lib/python3.12/site-packages/django/core/handlers/base.py", line 197, in _get_response
    response = wrapped_callback(request, *callback_args, **callback_kwargs)
               ^^^^^^^^^^^^^^^^^^^^^^^^^^^^^^^^^^^^^^^^^^^^^^^^^^^^^^^^^^^^
  File "/home/rayhan/DI Software Projects/JobPortal/venv/lib/python3.12/site-packages/django/views/decorators/csrf.py", line 65, in _view_wrapper
    return view_func(request, *args, **kwargs)
           ^^^^^^^^^^^^^^^^^^^^^^^^^^^^^^^^^^^
  File "/home/rayhan/DI Software Projects/JobPortal/venv/lib/python3.12/site-packages/django/views/generic/base.py", line 104, in view
    return self.dispatch(request, *args, **kwargs)
           ^^^^^^^^^^^^^^^^^^^^^^^^^^^^^^^^^^^^^^^
  File "/home/rayhan/DI Software Projects/JobPortal/venv/lib/python3.12/site-packages/rest_framework/views.py", line 509, in dispatch
    response = self.handle_exception(exc)
               ^^^^^^^^^^^^^^^^^^^^^^^^^^
  File "/home/rayhan/DI Software Projects/JobPortal/venv/lib/python3.12/site-packages/rest_framework/views.py", line 469, in handle_exception
    self.raise_uncaught_exception(exc)
  File "/home/rayhan/DI Software Projects/JobPortal/venv/lib/python3.12/site-packages/rest_framework/views.py", line 480, in raise_uncaught_exception
    raise exc
  File "/home/rayhan/DI Software Projects/JobPortal/venv/lib/python3.12/site-packages/rest_framework/views.py", line 506, in dispatch
    response = handler(request, *args, **kwargs)
               ^^^^^^^^^^^^^^^^^^^^^^^^^^^^^^^^^
  File "/home/rayhan/DI Software Projects/JobPortal/DIJobs/applications/views.py", line 37, in post
    serializer.save()
  File "/home/rayhan/DI Software Projects/JobPortal/venv/lib/python3.12/site-packages/rest_framework/serializers.py", line 208, in save
    self.instance = self.create(validated_data)
                    ^^^^^^^^^^^^^^^^^^^^^^^^^^^
  File "/home/rayhan/DI Software Projects/JobPortal/venv/lib/python3.12/site-packages/rest_framework/serializers.py", line 989, in create
    instance = ModelClass._default_manager.create(**validated_data)
               ^^^^^^^^^^^^^^^^^^^^^^^^^^^^^^^^^^^^^^^^^^^^^^^^^^^^
  File "/home/rayhan/DI Software Projects/JobPortal/venv/lib/python3.12/site-packages/django/db/models/manager.py", line 87, in manager_method
    return getattr(self.get_queryset(), name)(*args, **kwargs)
           ^^^^^^^^^^^^^^^^^^^^^^^^^^^^^^^^^^^^^^^^^^^^^^^^^^^
  File "/home/rayhan/DI Software Projects/JobPortal/venv/lib/python3.12/site-packages/django/db/models/query.py", line 679, in create
    obj.save(force_insert=True, using=self.db)
  File "/home/rayhan/DI Software Projects/JobPortal/venv/lib/python3.12/site-packages/django/db/models/base.py", line 822, in save
    self.save_base(
  File "/home/rayhan/DI Software Projects/JobPortal/venv/lib/python3.12/site-packages/django/db/models/base.py", line 909, in save_base
    updated = self._save_table(
              ^^^^^^^^^^^^^^^^^
  File "/home/rayhan/DI Software Projects/JobPortal/venv/lib/python3.12/site-packages/django/db/models/base.py", line 1071, in _save_table
    results = self._do_insert(
              ^^^^^^^^^^^^^^^^
  File "/home/rayhan/DI Software Projects/JobPortal/venv/lib/python3.12/site-packages/django/db/models/base.py", line 1112, in _do_insert
    return manager._insert(
           ^^^^^^^^^^^^^^^^
  File "/home/rayhan/DI Software Projects/JobPortal/venv/lib/python3.12/site-packages/django/db/models/manager.py", line 87, in manager_method
    return getattr(self.get_queryset(), name)(*args, **kwargs)
           ^^^^^^^^^^^^^^^^^^^^^^^^^^^^^^^^^^^^^^^^^^^^^^^^^^^
  File "/home/rayhan/DI Software Projects/JobPortal/venv/lib/python3.12/site-packages/django/db/models/query.py", line 1847, in _insert
    return query.get_compiler(using=using).execute_sql(returning_fields)
           ^^^^^^^^^^^^^^^^^^^^^^^^^^^^^^^^^^^^^^^^^^^^^^^^^^^^^^^^^^^^^
  File "/home/rayhan/DI Software Projects/JobPortal/venv/lib/python3.12/site-packages/django/db/models/sql/compiler.py", line 1823, in execute_sql
    cursor.execute(sql, params)
  File "/home/rayhan/DI Software Projects/JobPortal/venv/lib/python3.12/site-packages/django/db/backends/utils.py", line 122, in execute
    return super().execute(sql, params)
           ^^^^^^^^^^^^^^^^^^^^^^^^^^^^
  File "/home/rayhan/DI Software Projects/JobPortal/venv/lib/python3.12/site-packages/django/db/backends/utils.py", line 79, in execute
    return self._execute_with_wrappers(
           ^^^^^^^^^^^^^^^^^^^^^^^^^^^^
  File "/home/rayhan/DI Software Projects/JobPortal/venv/lib/python3.12/site-packages/django/db/backends/utils.py", line 92, in _execute_with_wrappers
    return executor(sql, params, many, context)
           ^^^^^^^^^^^^^^^^^^^^^^^^^^^^^^^^^^^^
  File "/home/rayhan/DI Software Projects/JobPortal/venv/lib/python3.12/site-packages/django/db/backends/utils.py", line 100, in _execute
    with self.db.wrap_database_errors:
  File "/home/rayhan/DI Software Projects/JobPortal/venv/lib/python3.12/site-packages/django/db/utils.py", line 91, in __exit__
    raise dj_exc_value.with_traceback(traceback) from exc_value
  File "/home/rayhan/DI Software Projects/JobPortal/venv/lib/python3.12/site-packages/django/db/backends/utils.py", line 105, in _execute
    return self.cursor.execute(sql, params)
           ^^^^^^^^^^^^^^^^^^^^^^^^^^^^^^^^
  File "/home/rayhan/DI Software Projects/JobPortal/venv/lib/python3.12/site-packages/django/db/backends/mysql/base.py", line 76, in execute
    return self.cursor.execute(query, args)
           ^^^^^^^^^^^^^^^^^^^^^^^^^^^^^^^^
  File "/home/rayhan/DI Software Projects/JobPortal/venv/lib/python3.12/site-packages/MySQLdb/cursors.py", line 179, in execute
    res = self._query(mogrified_query)
          ^^^^^^^^^^^^^^^^^^^^^^^^^^^^
  File "/home/rayhan/DI Software Projects/JobPortal/venv/lib/python3.12/site-packages/MySQLdb/cursors.py", line 331, in _query
    self._do_get_result(db)
  File "/home/rayhan/DI Software Projects/JobPortal/venv/lib/python3.12/site-packages/MySQLdb/cursors.py", line 136, in _do_get_result
    self._result = result = self._get_result()
                            ^^^^^^^^^^^^^^^^^^
  File "/home/rayhan/DI Software Projects/JobPortal/venv/lib/python3.12/site-packages/MySQLdb/cursors.py", line 363, in _get_result
    return self._get_db().store_result()
           ^^^^^^^^^^^^^^^^^^^^^^^^^^^^^
django.db.utils.IntegrityError: (1048, "Column 'candidate_id' cannot be null")
INFO 2024-06-12 11:45:43,060 autoreload /home/rayhan/DI Software Projects/JobPortal/DIJobs/applications/views.py changed, reloading.
INFO 2024-06-12 11:45:44,524 autoreload Watching for file changes with StatReloader
DEBUG 2024-06-12 11:46:16,832 views Authenticated user ID: 13
DEBUG 2024-06-12 11:46:16,833 views Job ID: 4
DEBUG 2024-06-12 11:46:16,845 views Modified data: <QueryDict: {'name': ['L'], 'email': ['L'], 'phone': ['+'], 'expected_salary': ['1'], 'notes': ['N'], 'cv': [<InMemoryUploadedFile: RAYHAN AHMED RAKIB (1).pdf (application/pdf)>], 'candidate': [13], 'job': [4], 'status': [0], 'candidate_id': [13], 'job_id': [4]}>
ERROR 2024-06-12 11:46:17,207 log Internal Server Error: /api/v1/jobs/backend/php-backend-developer/apply
Traceback (most recent call last):
  File "/home/rayhan/DI Software Projects/JobPortal/venv/lib/python3.12/site-packages/django/db/backends/utils.py", line 105, in _execute
    return self.cursor.execute(sql, params)
           ^^^^^^^^^^^^^^^^^^^^^^^^^^^^^^^^
  File "/home/rayhan/DI Software Projects/JobPortal/venv/lib/python3.12/site-packages/django/db/backends/mysql/base.py", line 76, in execute
    return self.cursor.execute(query, args)
           ^^^^^^^^^^^^^^^^^^^^^^^^^^^^^^^^
  File "/home/rayhan/DI Software Projects/JobPortal/venv/lib/python3.12/site-packages/MySQLdb/cursors.py", line 179, in execute
    res = self._query(mogrified_query)
          ^^^^^^^^^^^^^^^^^^^^^^^^^^^^
  File "/home/rayhan/DI Software Projects/JobPortal/venv/lib/python3.12/site-packages/MySQLdb/cursors.py", line 331, in _query
    self._do_get_result(db)
  File "/home/rayhan/DI Software Projects/JobPortal/venv/lib/python3.12/site-packages/MySQLdb/cursors.py", line 136, in _do_get_result
    self._result = result = self._get_result()
                            ^^^^^^^^^^^^^^^^^^
  File "/home/rayhan/DI Software Projects/JobPortal/venv/lib/python3.12/site-packages/MySQLdb/cursors.py", line 363, in _get_result
    return self._get_db().store_result()
           ^^^^^^^^^^^^^^^^^^^^^^^^^^^^^
MySQLdb.IntegrityError: (1048, "Column 'candidate_id' cannot be null")

The above exception was the direct cause of the following exception:

Traceback (most recent call last):
  File "/home/rayhan/DI Software Projects/JobPortal/venv/lib/python3.12/site-packages/django/core/handlers/exception.py", line 55, in inner
    response = get_response(request)
               ^^^^^^^^^^^^^^^^^^^^^
  File "/home/rayhan/DI Software Projects/JobPortal/venv/lib/python3.12/site-packages/django/core/handlers/base.py", line 197, in _get_response
    response = wrapped_callback(request, *callback_args, **callback_kwargs)
               ^^^^^^^^^^^^^^^^^^^^^^^^^^^^^^^^^^^^^^^^^^^^^^^^^^^^^^^^^^^^
  File "/home/rayhan/DI Software Projects/JobPortal/venv/lib/python3.12/site-packages/django/views/decorators/csrf.py", line 65, in _view_wrapper
    return view_func(request, *args, **kwargs)
           ^^^^^^^^^^^^^^^^^^^^^^^^^^^^^^^^^^^
  File "/home/rayhan/DI Software Projects/JobPortal/venv/lib/python3.12/site-packages/django/views/generic/base.py", line 104, in view
    return self.dispatch(request, *args, **kwargs)
           ^^^^^^^^^^^^^^^^^^^^^^^^^^^^^^^^^^^^^^^
  File "/home/rayhan/DI Software Projects/JobPortal/venv/lib/python3.12/site-packages/rest_framework/views.py", line 509, in dispatch
    response = self.handle_exception(exc)
               ^^^^^^^^^^^^^^^^^^^^^^^^^^
  File "/home/rayhan/DI Software Projects/JobPortal/venv/lib/python3.12/site-packages/rest_framework/views.py", line 469, in handle_exception
    self.raise_uncaught_exception(exc)
  File "/home/rayhan/DI Software Projects/JobPortal/venv/lib/python3.12/site-packages/rest_framework/views.py", line 480, in raise_uncaught_exception
    raise exc
  File "/home/rayhan/DI Software Projects/JobPortal/venv/lib/python3.12/site-packages/rest_framework/views.py", line 506, in dispatch
    response = handler(request, *args, **kwargs)
               ^^^^^^^^^^^^^^^^^^^^^^^^^^^^^^^^^
  File "/home/rayhan/DI Software Projects/JobPortal/DIJobs/applications/views.py", line 46, in post
    serializer.save()
  File "/home/rayhan/DI Software Projects/JobPortal/venv/lib/python3.12/site-packages/rest_framework/serializers.py", line 208, in save
    self.instance = self.create(validated_data)
                    ^^^^^^^^^^^^^^^^^^^^^^^^^^^
  File "/home/rayhan/DI Software Projects/JobPortal/venv/lib/python3.12/site-packages/rest_framework/serializers.py", line 989, in create
    instance = ModelClass._default_manager.create(**validated_data)
               ^^^^^^^^^^^^^^^^^^^^^^^^^^^^^^^^^^^^^^^^^^^^^^^^^^^^
  File "/home/rayhan/DI Software Projects/JobPortal/venv/lib/python3.12/site-packages/django/db/models/manager.py", line 87, in manager_method
    return getattr(self.get_queryset(), name)(*args, **kwargs)
           ^^^^^^^^^^^^^^^^^^^^^^^^^^^^^^^^^^^^^^^^^^^^^^^^^^^
  File "/home/rayhan/DI Software Projects/JobPortal/venv/lib/python3.12/site-packages/django/db/models/query.py", line 679, in create
    obj.save(force_insert=True, using=self.db)
  File "/home/rayhan/DI Software Projects/JobPortal/venv/lib/python3.12/site-packages/django/db/models/base.py", line 822, in save
    self.save_base(
  File "/home/rayhan/DI Software Projects/JobPortal/venv/lib/python3.12/site-packages/django/db/models/base.py", line 909, in save_base
    updated = self._save_table(
              ^^^^^^^^^^^^^^^^^
  File "/home/rayhan/DI Software Projects/JobPortal/venv/lib/python3.12/site-packages/django/db/models/base.py", line 1071, in _save_table
    results = self._do_insert(
              ^^^^^^^^^^^^^^^^
  File "/home/rayhan/DI Software Projects/JobPortal/venv/lib/python3.12/site-packages/django/db/models/base.py", line 1112, in _do_insert
    return manager._insert(
           ^^^^^^^^^^^^^^^^
  File "/home/rayhan/DI Software Projects/JobPortal/venv/lib/python3.12/site-packages/django/db/models/manager.py", line 87, in manager_method
    return getattr(self.get_queryset(), name)(*args, **kwargs)
           ^^^^^^^^^^^^^^^^^^^^^^^^^^^^^^^^^^^^^^^^^^^^^^^^^^^
  File "/home/rayhan/DI Software Projects/JobPortal/venv/lib/python3.12/site-packages/django/db/models/query.py", line 1847, in _insert
    return query.get_compiler(using=using).execute_sql(returning_fields)
           ^^^^^^^^^^^^^^^^^^^^^^^^^^^^^^^^^^^^^^^^^^^^^^^^^^^^^^^^^^^^^
  File "/home/rayhan/DI Software Projects/JobPortal/venv/lib/python3.12/site-packages/django/db/models/sql/compiler.py", line 1823, in execute_sql
    cursor.execute(sql, params)
  File "/home/rayhan/DI Software Projects/JobPortal/venv/lib/python3.12/site-packages/django/db/backends/utils.py", line 122, in execute
    return super().execute(sql, params)
           ^^^^^^^^^^^^^^^^^^^^^^^^^^^^
  File "/home/rayhan/DI Software Projects/JobPortal/venv/lib/python3.12/site-packages/django/db/backends/utils.py", line 79, in execute
    return self._execute_with_wrappers(
           ^^^^^^^^^^^^^^^^^^^^^^^^^^^^
  File "/home/rayhan/DI Software Projects/JobPortal/venv/lib/python3.12/site-packages/django/db/backends/utils.py", line 92, in _execute_with_wrappers
    return executor(sql, params, many, context)
           ^^^^^^^^^^^^^^^^^^^^^^^^^^^^^^^^^^^^
  File "/home/rayhan/DI Software Projects/JobPortal/venv/lib/python3.12/site-packages/django/db/backends/utils.py", line 100, in _execute
    with self.db.wrap_database_errors:
  File "/home/rayhan/DI Software Projects/JobPortal/venv/lib/python3.12/site-packages/django/db/utils.py", line 91, in __exit__
    raise dj_exc_value.with_traceback(traceback) from exc_value
  File "/home/rayhan/DI Software Projects/JobPortal/venv/lib/python3.12/site-packages/django/db/backends/utils.py", line 105, in _execute
    return self.cursor.execute(sql, params)
           ^^^^^^^^^^^^^^^^^^^^^^^^^^^^^^^^
  File "/home/rayhan/DI Software Projects/JobPortal/venv/lib/python3.12/site-packages/django/db/backends/mysql/base.py", line 76, in execute
    return self.cursor.execute(query, args)
           ^^^^^^^^^^^^^^^^^^^^^^^^^^^^^^^^
  File "/home/rayhan/DI Software Projects/JobPortal/venv/lib/python3.12/site-packages/MySQLdb/cursors.py", line 179, in execute
    res = self._query(mogrified_query)
          ^^^^^^^^^^^^^^^^^^^^^^^^^^^^
  File "/home/rayhan/DI Software Projects/JobPortal/venv/lib/python3.12/site-packages/MySQLdb/cursors.py", line 331, in _query
    self._do_get_result(db)
  File "/home/rayhan/DI Software Projects/JobPortal/venv/lib/python3.12/site-packages/MySQLdb/cursors.py", line 136, in _do_get_result
    self._result = result = self._get_result()
                            ^^^^^^^^^^^^^^^^^^
  File "/home/rayhan/DI Software Projects/JobPortal/venv/lib/python3.12/site-packages/MySQLdb/cursors.py", line 363, in _get_result
    return self._get_db().store_result()
           ^^^^^^^^^^^^^^^^^^^^^^^^^^^^^
django.db.utils.IntegrityError: (1048, "Column 'candidate_id' cannot be null")
INFO 2024-06-12 11:47:47,910 autoreload /home/rayhan/DI Software Projects/JobPortal/DIJobs/applications/views.py changed, reloading.
INFO 2024-06-12 11:47:49,907 autoreload Watching for file changes with StatReloader
INFO 2024-06-12 11:47:54,651 autoreload /home/rayhan/DI Software Projects/JobPortal/DIJobs/applications/views.py changed, reloading.
INFO 2024-06-12 11:47:56,515 autoreload Watching for file changes with StatReloader
INFO 2024-06-12 11:47:58,553 autoreload /home/rayhan/DI Software Projects/JobPortal/DIJobs/applications/views.py changed, reloading.
INFO 2024-06-12 11:48:00,772 autoreload Watching for file changes with StatReloader
INFO 2024-06-12 11:48:17,843 autoreload /home/rayhan/DI Software Projects/JobPortal/DIJobs/applications/views.py changed, reloading.
INFO 2024-06-12 11:48:19,418 autoreload Watching for file changes with StatReloader
INFO 2024-06-12 11:48:24,330 autoreload /home/rayhan/DI Software Projects/JobPortal/DIJobs/applications/views.py changed, reloading.
INFO 2024-06-12 11:48:26,592 autoreload Watching for file changes with StatReloader
INFO 2024-06-12 11:48:30,504 autoreload /home/rayhan/DI Software Projects/JobPortal/DIJobs/applications/views.py changed, reloading.
INFO 2024-06-12 11:48:32,453 autoreload Watching for file changes with StatReloader
INFO 2024-06-12 12:00:59,245 autoreload /home/rayhan/DI Software Projects/JobPortal/DIJobs/applications/serializers.py changed, reloading.
INFO 2024-06-12 12:01:01,551 autoreload Watching for file changes with StatReloader
INFO 2024-06-12 12:01:20,457 autoreload /home/rayhan/DI Software Projects/JobPortal/DIJobs/applications/serializers.py changed, reloading.
INFO 2024-06-12 12:01:22,513 autoreload Watching for file changes with StatReloader
INFO 2024-06-12 12:01:30,721 autoreload /home/rayhan/DI Software Projects/JobPortal/DIJobs/applications/serializers.py changed, reloading.
INFO 2024-06-12 12:01:32,915 autoreload Watching for file changes with StatReloader
INFO 2024-06-12 12:01:37,882 autoreload /home/rayhan/DI Software Projects/JobPortal/DIJobs/applications/serializers.py changed, reloading.
INFO 2024-06-12 12:01:39,966 autoreload Watching for file changes with StatReloader
INFO 2024-06-12 12:01:59,084 autoreload /home/rayhan/DI Software Projects/JobPortal/DIJobs/applications/serializers.py changed, reloading.
INFO 2024-06-12 12:02:01,289 autoreload Watching for file changes with StatReloader
INFO 2024-06-12 12:03:05,237 autoreload /home/rayhan/DI Software Projects/JobPortal/DIJobs/applications/serializers.py changed, reloading.
INFO 2024-06-12 12:03:06,592 autoreload Watching for file changes with StatReloader
INFO 2024-06-12 12:04:05,179 autoreload /home/rayhan/DI Software Projects/JobPortal/DIJobs/applications/views.py changed, reloading.
INFO 2024-06-12 12:04:07,256 autoreload Watching for file changes with StatReloader
INFO 2024-06-12 12:04:45,807 autoreload /home/rayhan/DI Software Projects/JobPortal/DIJobs/applications/views.py changed, reloading.
INFO 2024-06-12 12:04:47,829 autoreload Watching for file changes with StatReloader
INFO 2024-06-12 12:08:09,492 autoreload /home/rayhan/DI Software Projects/JobPortal/DIJobs/applications/views.py changed, reloading.
INFO 2024-06-12 12:08:12,035 autoreload Watching for file changes with StatReloader
INFO 2024-06-12 12:08:17,410 autoreload /home/rayhan/DI Software Projects/JobPortal/DIJobs/applications/views.py changed, reloading.
INFO 2024-06-12 12:08:19,621 autoreload Watching for file changes with StatReloader
INFO 2024-06-12 12:08:24,754 autoreload /home/rayhan/DI Software Projects/JobPortal/DIJobs/applications/views.py changed, reloading.
INFO 2024-06-12 12:08:27,028 autoreload Watching for file changes with StatReloader
INFO 2024-06-12 12:13:05,788 autoreload Watching for file changes with StatReloader
WARNING 2024-06-12 12:16:19,217 log Bad Request: /api/v1/jobs/fullstack/senior-fullstack-developer/apply
WARNING 2024-06-12 12:16:45,761 log Bad Request: /api/v1/jobs/fullstack/senior-fullstack-developer/apply
WARNING 2024-06-12 12:27:23,062 log Bad Request: /api/v1/jobs/fullstack/senior-fullstack-developer/apply
INFO 2024-06-12 12:30:11,945 autoreload /home/rayhan/DI Software Projects/JobPortal/DIJobs/applications/serializers.py changed, reloading.
INFO 2024-06-12 12:30:13,384 autoreload Watching for file changes with StatReloader
INFO 2024-06-12 12:30:40,803 autoreload /home/rayhan/DI Software Projects/JobPortal/DIJobs/applications/serializers.py changed, reloading.
INFO 2024-06-12 12:30:42,721 autoreload Watching for file changes with StatReloader
INFO 2024-06-12 12:30:46,325 autoreload /home/rayhan/DI Software Projects/JobPortal/DIJobs/applications/serializers.py changed, reloading.
INFO 2024-06-12 12:30:48,120 autoreload Watching for file changes with StatReloader
INFO 2024-06-12 12:30:52,926 autoreload /home/rayhan/DI Software Projects/JobPortal/DIJobs/applications/serializers.py changed, reloading.
INFO 2024-06-12 12:30:54,477 autoreload Watching for file changes with StatReloader
INFO 2024-06-12 12:31:00,390 autoreload /home/rayhan/DI Software Projects/JobPortal/DIJobs/applications/serializers.py changed, reloading.
INFO 2024-06-12 12:31:02,018 autoreload Watching for file changes with StatReloader
ERROR 2024-06-12 12:31:49,049 log Internal Server Error: /api/v1/jobs/fullstack/senior-fullstack-developer/apply
Traceback (most recent call last):
  File "/home/rayhan/DI Software Projects/JobPortal/venv/lib/python3.12/site-packages/django/core/handlers/exception.py", line 55, in inner
    response = get_response(request)
               ^^^^^^^^^^^^^^^^^^^^^
  File "/home/rayhan/DI Software Projects/JobPortal/venv/lib/python3.12/site-packages/django/core/handlers/base.py", line 197, in _get_response
    response = wrapped_callback(request, *callback_args, **callback_kwargs)
               ^^^^^^^^^^^^^^^^^^^^^^^^^^^^^^^^^^^^^^^^^^^^^^^^^^^^^^^^^^^^
  File "/home/rayhan/DI Software Projects/JobPortal/venv/lib/python3.12/site-packages/django/views/decorators/csrf.py", line 65, in _view_wrapper
    return view_func(request, *args, **kwargs)
           ^^^^^^^^^^^^^^^^^^^^^^^^^^^^^^^^^^^
  File "/home/rayhan/DI Software Projects/JobPortal/venv/lib/python3.12/site-packages/django/views/generic/base.py", line 104, in view
    return self.dispatch(request, *args, **kwargs)
           ^^^^^^^^^^^^^^^^^^^^^^^^^^^^^^^^^^^^^^^
  File "/home/rayhan/DI Software Projects/JobPortal/venv/lib/python3.12/site-packages/rest_framework/views.py", line 509, in dispatch
    response = self.handle_exception(exc)
               ^^^^^^^^^^^^^^^^^^^^^^^^^^
  File "/home/rayhan/DI Software Projects/JobPortal/venv/lib/python3.12/site-packages/rest_framework/views.py", line 469, in handle_exception
    self.raise_uncaught_exception(exc)
  File "/home/rayhan/DI Software Projects/JobPortal/venv/lib/python3.12/site-packages/rest_framework/views.py", line 480, in raise_uncaught_exception
    raise exc
  File "/home/rayhan/DI Software Projects/JobPortal/venv/lib/python3.12/site-packages/rest_framework/views.py", line 506, in dispatch
    response = handler(request, *args, **kwargs)
               ^^^^^^^^^^^^^^^^^^^^^^^^^^^^^^^^^
  File "/home/rayhan/DI Software Projects/JobPortal/DIJobs/applications/views.py", line 32, in post
    serializer.save()
  File "/home/rayhan/DI Software Projects/JobPortal/venv/lib/python3.12/site-packages/rest_framework/serializers.py", line 208, in save
    self.instance = self.create(validated_data)
                    ^^^^^^^^^^^^^^^^^^^^^^^^^^^
  File "/home/rayhan/DI Software Projects/JobPortal/DIJobs/applications/serializers.py", line 32, in create
    current_user_first_name = self.context['request'].user.first_name
                              ~~~~~~~~~~~~^^^^^^^^^^^
KeyError: 'request'
INFO 2024-06-12 12:32:41,213 autoreload /home/rayhan/DI Software Projects/JobPortal/DIJobs/applications/serializers.py changed, reloading.
INFO 2024-06-12 12:32:42,898 autoreload Watching for file changes with StatReloader
INFO 2024-06-12 12:32:44,856 autoreload /home/rayhan/DI Software Projects/JobPortal/DIJobs/applications/serializers.py changed, reloading.
INFO 2024-06-12 12:32:46,675 autoreload Watching for file changes with StatReloader
INFO 2024-06-12 12:32:56,310 autoreload /home/rayhan/DI Software Projects/JobPortal/DIJobs/applications/serializers.py changed, reloading.
INFO 2024-06-12 12:32:58,107 autoreload Watching for file changes with StatReloader
ERROR 2024-06-12 12:33:28,593 log Internal Server Error: /api/v1/jobs/fullstack/senior-fullstack-developer/apply
Traceback (most recent call last):
  File "/home/rayhan/DI Software Projects/JobPortal/venv/lib/python3.12/site-packages/django/core/handlers/exception.py", line 55, in inner
    response = get_response(request)
               ^^^^^^^^^^^^^^^^^^^^^
  File "/home/rayhan/DI Software Projects/JobPortal/venv/lib/python3.12/site-packages/django/core/handlers/base.py", line 197, in _get_response
    response = wrapped_callback(request, *callback_args, **callback_kwargs)
               ^^^^^^^^^^^^^^^^^^^^^^^^^^^^^^^^^^^^^^^^^^^^^^^^^^^^^^^^^^^^
  File "/home/rayhan/DI Software Projects/JobPortal/venv/lib/python3.12/site-packages/django/views/decorators/csrf.py", line 65, in _view_wrapper
    return view_func(request, *args, **kwargs)
           ^^^^^^^^^^^^^^^^^^^^^^^^^^^^^^^^^^^
  File "/home/rayhan/DI Software Projects/JobPortal/venv/lib/python3.12/site-packages/django/views/generic/base.py", line 104, in view
    return self.dispatch(request, *args, **kwargs)
           ^^^^^^^^^^^^^^^^^^^^^^^^^^^^^^^^^^^^^^^
  File "/home/rayhan/DI Software Projects/JobPortal/venv/lib/python3.12/site-packages/rest_framework/views.py", line 509, in dispatch
    response = self.handle_exception(exc)
               ^^^^^^^^^^^^^^^^^^^^^^^^^^
  File "/home/rayhan/DI Software Projects/JobPortal/venv/lib/python3.12/site-packages/rest_framework/views.py", line 469, in handle_exception
    self.raise_uncaught_exception(exc)
  File "/home/rayhan/DI Software Projects/JobPortal/venv/lib/python3.12/site-packages/rest_framework/views.py", line 480, in raise_uncaught_exception
    raise exc
  File "/home/rayhan/DI Software Projects/JobPortal/venv/lib/python3.12/site-packages/rest_framework/views.py", line 506, in dispatch
    response = handler(request, *args, **kwargs)
               ^^^^^^^^^^^^^^^^^^^^^^^^^^^^^^^^^
  File "/home/rayhan/DI Software Projects/JobPortal/DIJobs/applications/views.py", line 32, in post
    serializer.save()
  File "/home/rayhan/DI Software Projects/JobPortal/venv/lib/python3.12/site-packages/rest_framework/serializers.py", line 208, in save
    self.instance = self.create(validated_data)
                    ^^^^^^^^^^^^^^^^^^^^^^^^^^^
  File "/home/rayhan/DI Software Projects/JobPortal/DIJobs/applications/serializers.py", line 32, in create
    current_user_first_name = request.user.first_name
                              ^^^^^^^
NameError: name 'request' is not defined
INFO 2024-06-12 12:44:03,788 autoreload /home/rayhan/DI Software Projects/JobPortal/DIJobs/applications/serializers.py changed, reloading.
INFO 2024-06-12 12:44:05,047 autoreload Watching for file changes with StatReloader
INFO 2024-06-12 12:47:00,315 autoreload /home/rayhan/DI Software Projects/JobPortal/DIJobs/applications/serializers.py changed, reloading.
INFO 2024-06-12 12:47:02,128 autoreload Watching for file changes with StatReloader
ERROR 2024-06-12 12:47:29,361 log Internal Server Error: /api/v1/jobs/fullstack/senior-fullstack-developer/apply
Traceback (most recent call last):
  File "/home/rayhan/DI Software Projects/JobPortal/venv/lib/python3.12/site-packages/django/core/handlers/exception.py", line 55, in inner
    response = get_response(request)
               ^^^^^^^^^^^^^^^^^^^^^
  File "/home/rayhan/DI Software Projects/JobPortal/venv/lib/python3.12/site-packages/django/core/handlers/base.py", line 197, in _get_response
    response = wrapped_callback(request, *callback_args, **callback_kwargs)
               ^^^^^^^^^^^^^^^^^^^^^^^^^^^^^^^^^^^^^^^^^^^^^^^^^^^^^^^^^^^^
  File "/home/rayhan/DI Software Projects/JobPortal/venv/lib/python3.12/site-packages/django/views/decorators/csrf.py", line 65, in _view_wrapper
    return view_func(request, *args, **kwargs)
           ^^^^^^^^^^^^^^^^^^^^^^^^^^^^^^^^^^^
  File "/home/rayhan/DI Software Projects/JobPortal/venv/lib/python3.12/site-packages/django/views/generic/base.py", line 104, in view
    return self.dispatch(request, *args, **kwargs)
           ^^^^^^^^^^^^^^^^^^^^^^^^^^^^^^^^^^^^^^^
  File "/home/rayhan/DI Software Projects/JobPortal/venv/lib/python3.12/site-packages/rest_framework/views.py", line 509, in dispatch
    response = self.handle_exception(exc)
               ^^^^^^^^^^^^^^^^^^^^^^^^^^
  File "/home/rayhan/DI Software Projects/JobPortal/venv/lib/python3.12/site-packages/rest_framework/views.py", line 469, in handle_exception
    self.raise_uncaught_exception(exc)
  File "/home/rayhan/DI Software Projects/JobPortal/venv/lib/python3.12/site-packages/rest_framework/views.py", line 480, in raise_uncaught_exception
    raise exc
  File "/home/rayhan/DI Software Projects/JobPortal/venv/lib/python3.12/site-packages/rest_framework/views.py", line 506, in dispatch
    response = handler(request, *args, **kwargs)
               ^^^^^^^^^^^^^^^^^^^^^^^^^^^^^^^^^
  File "/home/rayhan/DI Software Projects/JobPortal/DIJobs/applications/views.py", line 32, in post
    serializer.save()
  File "/home/rayhan/DI Software Projects/JobPortal/venv/lib/python3.12/site-packages/rest_framework/serializers.py", line 208, in save
    self.instance = self.create(validated_data)
                    ^^^^^^^^^^^^^^^^^^^^^^^^^^^
  File "/home/rayhan/DI Software Projects/JobPortal/DIJobs/applications/serializers.py", line 29, in create
    current_user_first_name = self.context['request'].user.first_name
                              ~~~~~~~~~~~~^^^^^^^^^^^
KeyError: 'request'
INFO 2024-06-12 12:48:32,723 autoreload /home/rayhan/DI Software Projects/JobPortal/DIJobs/applications/views.py changed, reloading.
INFO 2024-06-12 12:48:34,530 autoreload Watching for file changes with StatReloader
ERROR 2024-06-12 12:48:52,961 log Internal Server Error: /api/v1/jobs/fullstack/senior-fullstack-developer/apply
Traceback (most recent call last):
  File "/home/rayhan/DI Software Projects/JobPortal/venv/lib/python3.12/site-packages/django/core/handlers/exception.py", line 55, in inner
    response = get_response(request)
               ^^^^^^^^^^^^^^^^^^^^^
  File "/home/rayhan/DI Software Projects/JobPortal/venv/lib/python3.12/site-packages/django/core/handlers/base.py", line 197, in _get_response
    response = wrapped_callback(request, *callback_args, **callback_kwargs)
               ^^^^^^^^^^^^^^^^^^^^^^^^^^^^^^^^^^^^^^^^^^^^^^^^^^^^^^^^^^^^
  File "/home/rayhan/DI Software Projects/JobPortal/venv/lib/python3.12/site-packages/django/views/decorators/csrf.py", line 65, in _view_wrapper
    return view_func(request, *args, **kwargs)
           ^^^^^^^^^^^^^^^^^^^^^^^^^^^^^^^^^^^
  File "/home/rayhan/DI Software Projects/JobPortal/venv/lib/python3.12/site-packages/django/views/generic/base.py", line 104, in view
    return self.dispatch(request, *args, **kwargs)
           ^^^^^^^^^^^^^^^^^^^^^^^^^^^^^^^^^^^^^^^
  File "/home/rayhan/DI Software Projects/JobPortal/venv/lib/python3.12/site-packages/rest_framework/views.py", line 509, in dispatch
    response = self.handle_exception(exc)
               ^^^^^^^^^^^^^^^^^^^^^^^^^^
  File "/home/rayhan/DI Software Projects/JobPortal/venv/lib/python3.12/site-packages/rest_framework/views.py", line 469, in handle_exception
    self.raise_uncaught_exception(exc)
  File "/home/rayhan/DI Software Projects/JobPortal/venv/lib/python3.12/site-packages/rest_framework/views.py", line 480, in raise_uncaught_exception
    raise exc
  File "/home/rayhan/DI Software Projects/JobPortal/venv/lib/python3.12/site-packages/rest_framework/views.py", line 506, in dispatch
    response = handler(request, *args, **kwargs)
               ^^^^^^^^^^^^^^^^^^^^^^^^^^^^^^^^^
  File "/home/rayhan/DI Software Projects/JobPortal/DIJobs/applications/views.py", line 32, in post
    serializer.save()
  File "/home/rayhan/DI Software Projects/JobPortal/venv/lib/python3.12/site-packages/rest_framework/serializers.py", line 208, in save
    self.instance = self.create(validated_data)
                    ^^^^^^^^^^^^^^^^^^^^^^^^^^^
  File "/home/rayhan/DI Software Projects/JobPortal/DIJobs/applications/serializers.py", line 33, in create
    uploaded_filename, ext = os.path.splitext(validated_data['cv'].name)
                             ^^
NameError: name 'os' is not defined. Did you forget to import 'os'
INFO 2024-06-12 12:49:57,670 autoreload /home/rayhan/DI Software Projects/JobPortal/DIJobs/applications/serializers.py changed, reloading.
INFO 2024-06-12 12:49:59,496 autoreload Watching for file changes with StatReloader
INFO 2024-06-12 13:25:39,055 autoreload /home/rayhan/DI Software Projects/JobPortal/DIJobs/applications/admin.py changed, reloading.
INFO 2024-06-12 13:25:40,947 autoreload Watching for file changes with StatReloader
INFO 2024-06-12 13:25:45,524 autoreload /home/rayhan/DI Software Projects/JobPortal/DIJobs/applications/admin.py changed, reloading.
INFO 2024-06-12 13:25:46,262 autoreload Watching for file changes with StatReloader
INFO 2024-06-12 13:25:52,196 autoreload /home/rayhan/DI Software Projects/JobPortal/DIJobs/applications/admin.py changed, reloading.
INFO 2024-06-12 13:25:53,711 autoreload Watching for file changes with StatReloader
INFO 2024-06-12 13:26:54,782 autoreload /home/rayhan/DI Software Projects/JobPortal/DIJobs/applications/admin.py changed, reloading.
INFO 2024-06-12 13:26:56,384 autoreload Watching for file changes with StatReloader
INFO 2024-06-12 13:27:03,108 autoreload /home/rayhan/DI Software Projects/JobPortal/DIJobs/applications/admin.py changed, reloading.
INFO 2024-06-12 13:27:04,870 autoreload Watching for file changes with StatReloader
INFO 2024-06-12 13:27:08,612 autoreload /home/rayhan/DI Software Projects/JobPortal/DIJobs/applications/admin.py changed, reloading.
INFO 2024-06-12 13:27:09,471 autoreload Watching for file changes with StatReloader
INFO 2024-06-12 13:27:15,711 autoreload /home/rayhan/DI Software Projects/JobPortal/DIJobs/applications/admin.py changed, reloading.
INFO 2024-06-12 13:27:16,456 autoreload Watching for file changes with StatReloader
INFO 2024-06-12 13:27:20,226 autoreload /home/rayhan/DI Software Projects/JobPortal/DIJobs/applications/admin.py changed, reloading.
INFO 2024-06-12 13:27:22,360 autoreload Watching for file changes with StatReloader
INFO 2024-06-12 13:28:01,001 autoreload /home/rayhan/DI Software Projects/JobPortal/DIJobs/applications/admin.py changed, reloading.
INFO 2024-06-12 13:28:03,558 autoreload Watching for file changes with StatReloader
INFO 2024-06-12 13:28:26,641 autoreload /home/rayhan/DI Software Projects/JobPortal/DIJobs/applications/admin.py changed, reloading.
INFO 2024-06-12 13:28:28,790 autoreload Watching for file changes with StatReloader
INFO 2024-06-12 13:28:52,951 autoreload /home/rayhan/DI Software Projects/JobPortal/DIJobs/applications/admin.py changed, reloading.
INFO 2024-06-12 13:28:54,808 autoreload Watching for file changes with StatReloader
INFO 2024-06-12 13:29:02,197 autoreload /home/rayhan/DI Software Projects/JobPortal/DIJobs/applications/admin.py changed, reloading.
INFO 2024-06-12 13:29:03,524 autoreload Watching for file changes with StatReloader
INFO 2024-06-12 13:29:06,868 autoreload /home/rayhan/DI Software Projects/JobPortal/DIJobs/applications/admin.py changed, reloading.
INFO 2024-06-12 13:29:08,964 autoreload Watching for file changes with StatReloader
INFO 2024-06-12 13:49:53,393 autoreload /home/rayhan/DI Software Projects/JobPortal/DIJobs/jobs/admin.py changed, reloading.
INFO 2024-06-12 13:49:55,141 autoreload Watching for file changes with StatReloader
INFO 2024-06-12 13:50:00,494 autoreload /home/rayhan/DI Software Projects/JobPortal/DIJobs/jobs/admin.py changed, reloading.
INFO 2024-06-12 13:50:02,089 autoreload Watching for file changes with StatReloader
INFO 2024-06-12 13:50:16,796 autoreload /home/rayhan/DI Software Projects/JobPortal/DIJobs/jobs/admin.py changed, reloading.
INFO 2024-06-12 13:50:18,342 autoreload Watching for file changes with StatReloader
INFO 2024-06-12 13:50:22,385 autoreload /home/rayhan/DI Software Projects/JobPortal/DIJobs/jobs/admin.py changed, reloading.
INFO 2024-06-12 13:50:24,362 autoreload Watching for file changes with StatReloader
INFO 2024-06-12 13:50:26,789 autoreload /home/rayhan/DI Software Projects/JobPortal/DIJobs/jobs/admin.py changed, reloading.
INFO 2024-06-12 13:50:28,294 autoreload Watching for file changes with StatReloader
INFO 2024-06-12 13:51:18,681 autoreload /home/rayhan/DI Software Projects/JobPortal/DIJobs/jobs/admin.py changed, reloading.
INFO 2024-06-12 13:51:20,485 autoreload Watching for file changes with StatReloader
INFO 2024-06-12 13:51:22,502 autoreload /home/rayhan/DI Software Projects/JobPortal/DIJobs/jobs/admin.py changed, reloading.
INFO 2024-06-12 13:51:24,237 autoreload Watching for file changes with StatReloader
INFO 2024-06-12 13:51:46,992 autoreload /home/rayhan/DI Software Projects/JobPortal/DIJobs/jobs/admin.py changed, reloading.
INFO 2024-06-12 13:51:49,120 autoreload Watching for file changes with StatReloader
INFO 2024-06-12 13:52:01,320 autoreload /home/rayhan/DI Software Projects/JobPortal/DIJobs/jobs/admin.py changed, reloading.
INFO 2024-06-12 13:52:02,117 autoreload Watching for file changes with StatReloader
INFO 2024-06-12 13:52:27,250 autoreload /home/rayhan/DI Software Projects/JobPortal/DIJobs/jobs/admin.py changed, reloading.
INFO 2024-06-12 13:52:29,273 autoreload Watching for file changes with StatReloader
INFO 2024-06-12 13:52:33,343 autoreload /home/rayhan/DI Software Projects/JobPortal/DIJobs/jobs/admin.py changed, reloading.
INFO 2024-06-12 13:52:35,162 autoreload Watching for file changes with StatReloader
INFO 2024-06-12 13:52:36,751 autoreload /home/rayhan/DI Software Projects/JobPortal/DIJobs/jobs/admin.py changed, reloading.
INFO 2024-06-12 13:52:38,555 autoreload Watching for file changes with StatReloader
INFO 2024-06-12 13:52:40,517 autoreload /home/rayhan/DI Software Projects/JobPortal/DIJobs/jobs/admin.py changed, reloading.
INFO 2024-06-12 13:52:42,213 autoreload Watching for file changes with StatReloader
INFO 2024-06-12 13:52:45,259 autoreload /home/rayhan/DI Software Projects/JobPortal/DIJobs/jobs/admin.py changed, reloading.
INFO 2024-06-12 13:52:47,339 autoreload Watching for file changes with StatReloader
INFO 2024-06-12 13:52:50,356 autoreload /home/rayhan/DI Software Projects/JobPortal/DIJobs/jobs/admin.py changed, reloading.
INFO 2024-06-12 13:52:52,535 autoreload Watching for file changes with StatReloader
INFO 2024-06-12 13:53:17,951 autoreload /home/rayhan/DI Software Projects/JobPortal/DIJobs/jobs/admin.py changed, reloading.
INFO 2024-06-12 13:53:19,810 autoreload Watching for file changes with StatReloader
INFO 2024-06-12 13:53:23,662 autoreload /home/rayhan/DI Software Projects/JobPortal/DIJobs/jobs/admin.py changed, reloading.
INFO 2024-06-12 13:53:24,869 autoreload Watching for file changes with StatReloader
INFO 2024-06-12 13:53:28,556 autoreload /home/rayhan/DI Software Projects/JobPortal/DIJobs/jobs/admin.py changed, reloading.
INFO 2024-06-12 13:53:30,143 autoreload Watching for file changes with StatReloader
INFO 2024-06-12 13:53:39,639 autoreload /home/rayhan/DI Software Projects/JobPortal/DIJobs/jobs/admin.py changed, reloading.
INFO 2024-06-12 13:53:41,213 autoreload Watching for file changes with StatReloader
INFO 2024-06-12 13:53:53,327 autoreload /home/rayhan/DI Software Projects/JobPortal/DIJobs/jobs/admin.py changed, reloading.
INFO 2024-06-12 13:53:55,104 autoreload Watching for file changes with StatReloader
INFO 2024-06-12 13:55:07,247 autoreload /home/rayhan/DI Software Projects/JobPortal/DIJobs/jobs/admin.py changed, reloading.
INFO 2024-06-12 13:55:09,029 autoreload Watching for file changes with StatReloader
INFO 2024-06-12 13:55:35,998 autoreload /home/rayhan/DI Software Projects/JobPortal/DIJobs/jobs/admin.py changed, reloading.
INFO 2024-06-12 13:55:37,581 autoreload Watching for file changes with StatReloader
INFO 2024-06-12 14:05:58,729 autoreload /home/rayhan/DI Software Projects/JobPortal/DIJobs/jobs/admin.py changed, reloading.
INFO 2024-06-12 14:06:00,517 autoreload Watching for file changes with StatReloader
INFO 2024-06-12 14:06:06,341 autoreload /home/rayhan/DI Software Projects/JobPortal/DIJobs/jobs/admin.py changed, reloading.
INFO 2024-06-12 14:06:06,783 autoreload Watching for file changes with StatReloader
INFO 2024-06-12 14:06:13,411 autoreload /home/rayhan/DI Software Projects/JobPortal/DIJobs/jobs/admin.py changed, reloading.
INFO 2024-06-12 14:06:15,054 autoreload Watching for file changes with StatReloader
INFO 2024-06-12 14:06:18,005 autoreload /home/rayhan/DI Software Projects/JobPortal/DIJobs/jobs/admin.py changed, reloading.
INFO 2024-06-12 14:06:19,780 autoreload Watching for file changes with StatReloader
INFO 2024-06-12 14:06:22,609 autoreload /home/rayhan/DI Software Projects/JobPortal/DIJobs/jobs/admin.py changed, reloading.
INFO 2024-06-12 14:06:24,540 autoreload Watching for file changes with StatReloader
INFO 2024-06-12 14:06:53,367 autoreload /home/rayhan/DI Software Projects/JobPortal/DIJobs/jobs/admin.py changed, reloading.
INFO 2024-06-12 14:06:55,305 autoreload Watching for file changes with StatReloader
INFO 2024-06-12 14:06:57,724 autoreload /home/rayhan/DI Software Projects/JobPortal/DIJobs/jobs/admin.py changed, reloading.
INFO 2024-06-12 14:06:59,602 autoreload Watching for file changes with StatReloader
INFO 2024-06-12 14:43:37,118 autoreload /home/rayhan/DI Software Projects/JobPortal/DIJobs/applications/views.py changed, reloading.
INFO 2024-06-12 14:43:38,892 autoreload Watching for file changes with StatReloader
INFO 2024-06-12 14:44:09,774 autoreload /home/rayhan/DI Software Projects/JobPortal/DIJobs/applications/urls.py changed, reloading.
INFO 2024-06-12 14:44:11,225 autoreload Watching for file changes with StatReloader
INFO 2024-06-12 14:44:20,849 autoreload /home/rayhan/DI Software Projects/JobPortal/DIJobs/applications/urls.py changed, reloading.
INFO 2024-06-12 14:44:22,346 autoreload Watching for file changes with StatReloader
INFO 2024-06-12 14:44:35,025 autoreload /home/rayhan/DI Software Projects/JobPortal/DIJobs/applications/urls.py changed, reloading.
INFO 2024-06-12 14:44:36,567 autoreload Watching for file changes with StatReloader
INFO 2024-06-12 14:44:41,167 autoreload /home/rayhan/DI Software Projects/JobPortal/DIJobs/applications/urls.py changed, reloading.
INFO 2024-06-12 14:44:43,106 autoreload Watching for file changes with StatReloader
INFO 2024-06-12 14:51:01,907 autoreload /home/rayhan/DI Software Projects/JobPortal/DIJobs/applications/urls.py changed, reloading.
INFO 2024-06-12 14:51:03,611 autoreload Watching for file changes with StatReloader
WARNING 2024-06-12 15:08:47,330 log Not Found: /api/check-application/1/5/
WARNING 2024-06-12 15:08:47,338 log Not Found: /api/check-application/1/6/
WARNING 2024-06-12 15:08:47,436 log Not Found: /api/check-application/1/2/
WARNING 2024-06-12 15:08:47,450 log Not Found: /api/check-application/1/4/
WARNING 2024-06-12 15:08:47,447 log Not Found: /api/check-application/1/3/
WARNING 2024-06-12 15:08:47,480 log Not Found: /api/check-application/1/1/
WARNING 2024-06-12 15:09:42,045 log Not Found: /api/v1/applications/check/1/1/
WARNING 2024-06-12 15:09:42,051 log Not Found: /api/v1/applications/check/1/5/
WARNING 2024-06-12 15:09:42,094 log Not Found: /api/v1/applications/check/1/4/
WARNING 2024-06-12 15:09:42,135 log Not Found: /api/v1/applications/check/1/6/
WARNING 2024-06-12 15:09:42,164 log Not Found: /api/v1/applications/check/1/3/
WARNING 2024-06-12 15:09:42,172 log Not Found: /api/v1/applications/check/1/2/
INFO 2024-06-12 15:09:47,117 autoreload /home/rayhan/DI Software Projects/JobPortal/DIJobs/applications/urls.py changed, reloading.
INFO 2024-06-12 15:09:48,875 autoreload Watching for file changes with StatReloader
WARNING 2024-06-12 15:21:53,112 log Not Found: /api/v1/applications/check/1/undefined/
WARNING 2024-06-12 15:22:04,184 log Not Found: /api/v1/applications/check/1/undefined/
WARNING 2024-06-12 15:29:42,482 log Not Found: /api/v1/applications/check/1/undefined/
WARNING 2024-06-12 15:46:38,492 log Not Found: /api/v1/applications/check/1//
WARNING 2024-06-12 16:01:48,829 log Not Found: /api/v1/applications/check/1/null/
WARNING 2024-06-12 16:02:14,332 log Not Found: /api/v1/applications/check/1/null/
WARNING 2024-06-12 16:02:36,579 log Not Found: /api/v1/applications/check/1/null/
WARNING 2024-06-12 16:26:53,046 log Not Found: /api/v1/applications/check/1/null/
WARNING 2024-06-12 16:26:55,289 log Not Found: /api/v1/applications/check/1/null/
WARNING 2024-06-12 16:27:07,022 log Not Found: /api/v1/applications/check/1/null/
WARNING 2024-06-12 16:27:42,853 log Not Found: /api/v1/applications/check/1/null/
WARNING 2024-06-12 16:28:08,943 log Not Found: /api/v1/applications/check/1/null/
WARNING 2024-06-12 16:41:47,585 log Bad Request: /api/v1/jobs/fullstack/software-engineer-full-stack/apply
INFO 2024-06-12 19:31:17,531 autoreload /home/rayhan/DI Software Projects/JobPortal/DIJobs/applications/views.py changed, reloading.
INFO 2024-06-12 19:31:17,863 autoreload Watching for file changes with StatReloader
INFO 2024-06-12 19:31:20,109 autoreload /home/rayhan/DI Software Projects/JobPortal/DIJobs/applications/views.py changed, reloading.
INFO 2024-06-12 19:31:20,407 autoreload Watching for file changes with StatReloader
INFO 2024-06-12 19:31:58,114 autoreload /home/rayhan/DI Software Projects/JobPortal/DIJobs/applications/views.py changed, reloading.
INFO 2024-06-12 19:31:58,658 autoreload Watching for file changes with StatReloader
INFO 2024-06-12 19:32:18,188 autoreload /home/rayhan/DI Software Projects/JobPortal/DIJobs/applications/views.py changed, reloading.
INFO 2024-06-12 19:32:18,492 autoreload Watching for file changes with StatReloader
INFO 2024-06-12 19:32:27,811 autoreload /home/rayhan/DI Software Projects/JobPortal/DIJobs/applications/views.py changed, reloading.
INFO 2024-06-12 19:32:28,133 autoreload Watching for file changes with StatReloader
INFO 2024-06-12 19:32:30,371 autoreload /home/rayhan/DI Software Projects/JobPortal/DIJobs/applications/views.py changed, reloading.
INFO 2024-06-12 19:32:30,667 autoreload Watching for file changes with StatReloader
INFO 2024-06-12 19:32:32,890 autoreload /home/rayhan/DI Software Projects/JobPortal/DIJobs/applications/views.py changed, reloading.
INFO 2024-06-12 19:32:33,219 autoreload Watching for file changes with StatReloader
INFO 2024-06-12 19:35:34,340 autoreload /home/rayhan/DI Software Projects/JobPortal/DIJobs/applications/urls.py changed, reloading.
INFO 2024-06-12 19:35:34,665 autoreload Watching for file changes with StatReloader
INFO 2024-06-12 19:35:36,817 autoreload /home/rayhan/DI Software Projects/JobPortal/DIJobs/applications/urls.py changed, reloading.
INFO 2024-06-12 19:35:37,125 autoreload Watching for file changes with StatReloader
INFO 2024-06-12 19:35:39,270 autoreload /home/rayhan/DI Software Projects/JobPortal/DIJobs/applications/urls.py changed, reloading.
INFO 2024-06-12 19:35:39,577 autoreload Watching for file changes with StatReloader
INFO 2024-06-12 19:35:50,891 autoreload /home/rayhan/DI Software Projects/JobPortal/DIJobs/applications/urls.py changed, reloading.
INFO 2024-06-12 19:35:51,192 autoreload Watching for file changes with StatReloader
INFO 2024-06-12 19:35:57,387 autoreload /home/rayhan/DI Software Projects/JobPortal/DIJobs/applications/urls.py changed, reloading.
INFO 2024-06-12 19:35:57,670 autoreload Watching for file changes with StatReloader
INFO 2024-06-12 19:35:59,837 autoreload /home/rayhan/DI Software Projects/JobPortal/DIJobs/applications/urls.py changed, reloading.
INFO 2024-06-12 19:36:00,144 autoreload Watching for file changes with StatReloader
INFO 2024-06-12 19:36:02,336 autoreload /home/rayhan/DI Software Projects/JobPortal/DIJobs/applications/urls.py changed, reloading.
INFO 2024-06-12 19:36:02,664 autoreload Watching for file changes with StatReloader
INFO 2024-06-12 19:36:12,913 autoreload /home/rayhan/DI Software Projects/JobPortal/DIJobs/applications/urls.py changed, reloading.
INFO 2024-06-12 19:36:13,198 autoreload Watching for file changes with StatReloader
INFO 2024-06-12 19:36:21,425 autoreload /home/rayhan/DI Software Projects/JobPortal/DIJobs/applications/urls.py changed, reloading.
INFO 2024-06-12 19:36:21,713 autoreload Watching for file changes with StatReloader
INFO 2024-06-12 19:36:23,877 autoreload /home/rayhan/DI Software Projects/JobPortal/DIJobs/applications/urls.py changed, reloading.
INFO 2024-06-12 19:36:24,262 autoreload Watching for file changes with StatReloader
INFO 2024-06-12 19:36:31,479 autoreload /home/rayhan/DI Software Projects/JobPortal/DIJobs/applications/urls.py changed, reloading.
INFO 2024-06-12 19:36:31,770 autoreload Watching for file changes with StatReloader
INFO 2024-06-12 19:36:32,939 autoreload /home/rayhan/DI Software Projects/JobPortal/DIJobs/applications/urls.py changed, reloading.
INFO 2024-06-12 19:36:33,235 autoreload Watching for file changes with StatReloader
INFO 2024-06-12 19:36:34,396 autoreload /home/rayhan/DI Software Projects/JobPortal/DIJobs/applications/urls.py changed, reloading.
INFO 2024-06-12 19:36:34,687 autoreload Watching for file changes with StatReloader
INFO 2024-06-12 19:37:09,164 autoreload /home/rayhan/DI Software Projects/JobPortal/DIJobs/applications/urls.py changed, reloading.
INFO 2024-06-12 19:37:09,464 autoreload Watching for file changes with StatReloader
WARNING 2024-06-12 19:37:54,829 log Not Found: /applications/user
WARNING 2024-06-12 19:38:02,115 log Not Found: /applications/user/
WARNING 2024-06-12 19:39:09,913 log Not Found: /applications/user/
WARNING 2024-06-12 19:39:29,664 log Unauthorized: /api/v1/applications/user/
WARNING 2024-06-12 19:39:37,447 log Unauthorized: /api/v1/applications/user/
WARNING 2024-06-12 19:53:23,182 log Unauthorized: /api/v1/applications/user/
WARNING 2024-06-12 19:53:27,640 log Unauthorized: /api/v1/applications/user/
WARNING 2024-06-12 19:53:38,427 log Unauthorized: /api/v1/applications/user/
WARNING 2024-06-12 19:53:40,444 log Unauthorized: /api/v1/applications/user/
INFO 2024-06-12 20:00:28,853 autoreload /home/rayhan/DI Software Projects/JobPortal/DIJobs/applications/serializers.py changed, reloading.
INFO 2024-06-12 20:00:29,156 autoreload Watching for file changes with StatReloader
INFO 2024-06-12 20:00:31,396 autoreload /home/rayhan/DI Software Projects/JobPortal/DIJobs/applications/serializers.py changed, reloading.
INFO 2024-06-12 20:00:31,708 autoreload Watching for file changes with StatReloader
INFO 2024-06-12 20:00:33,957 autoreload /home/rayhan/DI Software Projects/JobPortal/DIJobs/applications/serializers.py changed, reloading.
INFO 2024-06-12 20:00:34,510 autoreload Watching for file changes with StatReloader
INFO 2024-06-12 20:03:30,809 autoreload /home/rayhan/DI Software Projects/JobPortal/DIJobs/applications/serializers.py changed, reloading.
INFO 2024-06-12 20:03:31,211 autoreload Watching for file changes with StatReloader
INFO 2024-06-12 20:03:35,490 autoreload /home/rayhan/DI Software Projects/JobPortal/DIJobs/applications/serializers.py changed, reloading.
INFO 2024-06-12 20:03:35,786 autoreload Watching for file changes with StatReloader
INFO 2024-06-12 20:04:18,519 autoreload /home/rayhan/DI Software Projects/JobPortal/DIJobs/applications/serializers.py changed, reloading.
INFO 2024-06-12 20:04:19,041 autoreload Watching for file changes with StatReloader
INFO 2024-06-12 23:16:58,936 autoreload /home/rayhan/DI Software Projects/JobPortal/DIJobs/applications/serializers.py changed, reloading.
INFO 2024-06-12 23:16:59,412 autoreload Watching for file changes with StatReloader
INFO 2024-06-12 23:17:03,684 autoreload /home/rayhan/DI Software Projects/JobPortal/DIJobs/applications/serializers.py changed, reloading.
INFO 2024-06-12 23:17:04,048 autoreload Watching for file changes with StatReloader
INFO 2024-06-12 23:17:06,238 autoreload /home/rayhan/DI Software Projects/JobPortal/DIJobs/applications/serializers.py changed, reloading.
INFO 2024-06-12 23:17:06,652 autoreload Watching for file changes with StatReloader
INFO 2024-06-13 10:50:36,104 autoreload Watching for file changes with StatReloader
INFO 2024-06-13 10:51:21,705 autoreload Watching for file changes with StatReloader
INFO 2024-06-19 13:46:45,144 autoreload Watching for file changes with StatReloader
WARNING 2024-06-19 13:47:12,652 log Not Found: /favicon.ico
WARNING 2024-06-19 14:00:40,060 log Not Found: /favicon.ico
INFO 2024-06-23 13:09:10,606 autoreload Watching for file changes with StatReloader
INFO 2024-06-23 14:53:55,211 autoreload /home/rayhan/DI Software Projects/JobPortal/DIJobs/applications/views.py changed, reloading.
INFO 2024-06-23 14:53:55,457 autoreload Watching for file changes with StatReloader
INFO 2024-06-23 14:53:56,673 autoreload /home/rayhan/DI Software Projects/JobPortal/DIJobs/applications/views.py changed, reloading.
INFO 2024-06-23 14:53:56,923 autoreload Watching for file changes with StatReloader
INFO 2024-06-23 14:54:06,199 autoreload /home/rayhan/DI Software Projects/JobPortal/DIJobs/applications/views.py changed, reloading.
INFO 2024-06-23 14:54:06,455 autoreload Watching for file changes with StatReloader
INFO 2024-06-23 14:54:16,759 autoreload /home/rayhan/DI Software Projects/JobPortal/DIJobs/applications/views.py changed, reloading.
INFO 2024-06-23 14:54:17,005 autoreload Watching for file changes with StatReloader
INFO 2024-06-23 14:54:21,239 autoreload /home/rayhan/DI Software Projects/JobPortal/DIJobs/applications/views.py changed, reloading.
INFO 2024-06-23 14:54:21,481 autoreload Watching for file changes with StatReloader
INFO 2024-06-23 14:54:25,695 autoreload /home/rayhan/DI Software Projects/JobPortal/DIJobs/applications/views.py changed, reloading.
INFO 2024-06-23 14:54:25,938 autoreload Watching for file changes with StatReloader
INFO 2024-06-23 14:54:29,096 autoreload /home/rayhan/DI Software Projects/JobPortal/DIJobs/applications/views.py changed, reloading.
INFO 2024-06-23 14:54:29,339 autoreload Watching for file changes with StatReloader
INFO 2024-06-23 14:54:32,489 autoreload /home/rayhan/DI Software Projects/JobPortal/DIJobs/applications/views.py changed, reloading.
INFO 2024-06-23 14:54:32,728 autoreload Watching for file changes with StatReloader
INFO 2024-06-23 14:54:34,917 autoreload /home/rayhan/DI Software Projects/JobPortal/DIJobs/applications/views.py changed, reloading.
INFO 2024-06-23 14:54:35,163 autoreload Watching for file changes with StatReloader
INFO 2024-06-23 14:54:36,297 autoreload /home/rayhan/DI Software Projects/JobPortal/DIJobs/applications/views.py changed, reloading.
INFO 2024-06-23 14:54:36,531 autoreload Watching for file changes with StatReloader
INFO 2024-06-23 14:54:47,753 autoreload /home/rayhan/DI Software Projects/JobPortal/DIJobs/applications/views.py changed, reloading.
INFO 2024-06-23 14:54:47,989 autoreload Watching for file changes with StatReloader
INFO 2024-06-23 14:54:50,200 autoreload /home/rayhan/DI Software Projects/JobPortal/DIJobs/applications/views.py changed, reloading.
INFO 2024-06-23 14:54:50,461 autoreload Watching for file changes with StatReloader
INFO 2024-06-23 15:01:22,238 autoreload /home/rayhan/DI Software Projects/JobPortal/DIJobs/applications/views.py changed, reloading.
INFO 2024-06-23 15:01:22,494 autoreload Watching for file changes with StatReloader
INFO 2024-06-23 15:01:24,711 autoreload /home/rayhan/DI Software Projects/JobPortal/DIJobs/applications/views.py changed, reloading.
INFO 2024-06-23 15:01:24,953 autoreload Watching for file changes with StatReloader
INFO 2024-06-23 15:02:21,692 autoreload /home/rayhan/DI Software Projects/JobPortal/DIJobs/applications/urls.py changed, reloading.
INFO 2024-06-23 15:02:21,937 autoreload Watching for file changes with StatReloader
INFO 2024-06-23 15:02:25,093 autoreload /home/rayhan/DI Software Projects/JobPortal/DIJobs/applications/urls.py changed, reloading.
INFO 2024-06-23 15:02:25,329 autoreload Watching for file changes with StatReloader
INFO 2024-06-23 15:02:27,472 autoreload /home/rayhan/DI Software Projects/JobPortal/DIJobs/applications/urls.py changed, reloading.
INFO 2024-06-23 15:02:27,710 autoreload Watching for file changes with StatReloader
INFO 2024-06-23 15:02:38,974 autoreload /home/rayhan/DI Software Projects/JobPortal/DIJobs/applications/urls.py changed, reloading.
INFO 2024-06-23 15:02:39,208 autoreload Watching for file changes with StatReloader
INFO 2024-06-23 15:02:41,393 autoreload /home/rayhan/DI Software Projects/JobPortal/DIJobs/applications/urls.py changed, reloading.
INFO 2024-06-23 15:02:41,629 autoreload Watching for file changes with StatReloader
INFO 2024-06-23 15:02:51,883 autoreload /home/rayhan/DI Software Projects/JobPortal/DIJobs/applications/urls.py changed, reloading.
INFO 2024-06-23 15:02:52,113 autoreload Watching for file changes with StatReloader
INFO 2024-06-23 15:02:59,348 autoreload /home/rayhan/DI Software Projects/JobPortal/DIJobs/applications/urls.py changed, reloading.
INFO 2024-06-23 15:02:59,578 autoreload Watching for file changes with StatReloader
INFO 2024-06-23 15:03:04,790 autoreload /home/rayhan/DI Software Projects/JobPortal/DIJobs/applications/urls.py changed, reloading.
INFO 2024-06-23 15:03:05,023 autoreload Watching for file changes with StatReloader
INFO 2024-06-23 15:03:18,308 autoreload /home/rayhan/DI Software Projects/JobPortal/DIJobs/applications/views.py changed, reloading.
INFO 2024-06-23 15:03:18,558 autoreload Watching for file changes with StatReloader
INFO 2024-06-23 15:03:23,775 autoreload /home/rayhan/DI Software Projects/JobPortal/DIJobs/applications/urls.py changed, reloading.
INFO 2024-06-23 15:03:24,005 autoreload Watching for file changes with StatReloader
INFO 2024-06-23 15:03:39,305 autoreload /home/rayhan/DI Software Projects/JobPortal/DIJobs/applications/urls.py changed, reloading.
INFO 2024-06-23 15:03:39,534 autoreload Watching for file changes with StatReloader
INFO 2024-06-23 15:03:51,833 autoreload /home/rayhan/DI Software Projects/JobPortal/DIJobs/applications/views.py changed, reloading.
INFO 2024-06-23 15:03:52,078 autoreload Watching for file changes with StatReloader
INFO 2024-06-23 15:04:02,360 autoreload /home/rayhan/DI Software Projects/JobPortal/DIJobs/applications/views.py changed, reloading.
INFO 2024-06-23 15:04:02,590 autoreload Watching for file changes with StatReloader
INFO 2024-06-23 15:04:05,808 autoreload /home/rayhan/DI Software Projects/JobPortal/DIJobs/applications/views.py changed, reloading.
INFO 2024-06-23 15:04:06,052 autoreload Watching for file changes with StatReloader
INFO 2024-06-23 15:04:08,272 autoreload /home/rayhan/DI Software Projects/JobPortal/DIJobs/applications/views.py changed, reloading.
INFO 2024-06-23 15:04:08,505 autoreload Watching for file changes with StatReloader
WARNING 2024-06-23 15:04:24,254 log Not Found: /favicon.ico
WARNING 2024-06-23 15:06:08,938 log Not Found: /applications/withdraw/3
INFO 2024-06-23 15:07:15,512 autoreload /home/rayhan/DI Software Projects/JobPortal/DIJobs/applications/views.py changed, reloading.
INFO 2024-06-23 15:07:15,768 autoreload Watching for file changes with StatReloader
INFO 2024-06-23 15:07:17,961 autoreload /home/rayhan/DI Software Projects/JobPortal/DIJobs/applications/views.py changed, reloading.
INFO 2024-06-23 15:07:18,193 autoreload Watching for file changes with StatReloader
WARNING 2024-06-23 15:07:27,123 log Not Found: /applications/withdraw/3
INFO 2024-06-23 15:07:41,636 autoreload /home/rayhan/DI Software Projects/JobPortal/DIJobs/applications/views.py changed, reloading.
INFO 2024-06-23 15:07:41,874 autoreload Watching for file changes with StatReloader
INFO 2024-06-23 15:11:02,892 autoreload /home/rayhan/DI Software Projects/JobPortal/DIJobs/applications/views.py changed, reloading.
INFO 2024-06-23 15:11:03,150 autoreload Watching for file changes with StatReloader
WARNING 2024-06-23 15:11:09,005 log Not Found: /applications/withdraw/3
WARNING 2024-06-23 15:11:16,511 log Not Found: /applications/withdraw/5
WARNING 2024-06-23 15:23:03,192 log Not Found: /applications/withdraw/3
INFO 2024-06-23 15:25:01,032 autoreload /home/rayhan/DI Software Projects/JobPortal/DIJobs/applications/views.py changed, reloading.
INFO 2024-06-23 15:25:01,321 autoreload Watching for file changes with StatReloader
INFO 2024-06-23 15:25:02,464 autoreload /home/rayhan/DI Software Projects/JobPortal/DIJobs/applications/views.py changed, reloading.
INFO 2024-06-23 15:25:02,732 autoreload Watching for file changes with StatReloader
WARNING 2024-06-23 15:25:08,673 log Not Found: /applications/withdraw/3
INFO 2024-06-23 15:32:45,196 autoreload /home/rayhan/DI Software Projects/JobPortal/DIJobs/applications/views.py changed, reloading.
INFO 2024-06-23 15:32:45,437 autoreload Watching for file changes with StatReloader
WARNING 2024-06-23 15:32:51,982 log Not Found: /applications/withdraw/3
INFO 2024-06-23 15:34:23,640 autoreload /home/rayhan/DI Software Projects/JobPortal/DIJobs/applications/views.py changed, reloading.
INFO 2024-06-23 15:34:23,885 autoreload Watching for file changes with StatReloader
WARNING 2024-06-23 15:34:55,549 log Not Found: /applications/withdraw/3
INFO 2024-06-23 15:36:34,314 autoreload /home/rayhan/DI Software Projects/JobPortal/DIJobs/applications/views.py changed, reloading.
INFO 2024-06-23 15:36:34,582 autoreload Watching for file changes with StatReloader
INFO 2024-06-23 15:36:50,924 autoreload /home/rayhan/DI Software Projects/JobPortal/DIJobs/applications/views.py changed, reloading.
INFO 2024-06-23 15:36:51,163 autoreload Watching for file changes with StatReloader
INFO 2024-06-23 15:36:57,413 autoreload /home/rayhan/DI Software Projects/JobPortal/DIJobs/applications/views.py changed, reloading.
INFO 2024-06-23 15:36:57,658 autoreload Watching for file changes with StatReloader
WARNING 2024-06-23 15:37:16,071 log Not Found: /applications/withdraw/3
WARNING 2024-06-23 15:39:35,384 log Not Found: /applications/withdraw/3
INFO 2024-06-23 15:41:14,238 autoreload /home/rayhan/DI Software Projects/JobPortal/DIJobs/applications/urls.py changed, reloading.
INFO 2024-06-23 15:41:14,481 autoreload Watching for file changes with StatReloader
INFO 2024-06-23 15:41:21,742 autoreload /home/rayhan/DI Software Projects/JobPortal/DIJobs/applications/views.py changed, reloading.
INFO 2024-06-23 15:41:22,000 autoreload Watching for file changes with StatReloader
INFO 2024-06-23 15:41:26,236 autoreload /home/rayhan/DI Software Projects/JobPortal/DIJobs/applications/views.py changed, reloading.
INFO 2024-06-23 15:41:26,489 autoreload Watching for file changes with StatReloader
WARNING 2024-06-23 15:41:44,477 log Not Found: /applications/withdraw/3
INFO 2024-06-23 15:46:03,231 autoreload /home/rayhan/DI Software Projects/JobPortal/DIJobs/applications/views.py changed, reloading.
INFO 2024-06-23 15:46:03,476 autoreload Watching for file changes with StatReloader
INFO 2024-06-23 15:46:15,749 autoreload /home/rayhan/DI Software Projects/JobPortal/DIJobs/applications/views.py changed, reloading.
INFO 2024-06-23 15:46:15,986 autoreload Watching for file changes with StatReloader
INFO 2024-06-23 15:46:37,379 autoreload /home/rayhan/DI Software Projects/JobPortal/DIJobs/applications/urls.py changed, reloading.
INFO 2024-06-23 15:46:37,616 autoreload Watching for file changes with StatReloader
WARNING 2024-06-23 15:46:43,881 log Not Found: /applications/withdraw/3
INFO 2024-06-23 15:57:36,909 autoreload /home/rayhan/DI Software Projects/JobPortal/DIJobs/applications/views.py changed, reloading.
INFO 2024-06-23 15:57:37,157 autoreload Watching for file changes with StatReloader
WARNING 2024-06-23 15:57:42,931 log Not Found: /applications/withdraw/3
INFO 2024-06-23 16:05:52,974 autoreload /home/rayhan/DI Software Projects/JobPortal/DIJobs/applications/urls.py changed, reloading.
INFO 2024-06-23 16:05:53,222 autoreload Watching for file changes with StatReloader
WARNING 2024-06-23 16:06:40,958 log Not Found: /api/v1//applications/withdraw/3
INFO 2024-06-23 16:07:06,868 views DELETE request received for application ID 3 by user 1
INFO 2024-06-23 16:07:06,869 views Application found: Rayhan Ahmed
INFO 2024-06-23 16:07:06,871 views Application 3 deleted by user 1.
INFO 2024-06-23 16:07:58,617 autoreload /home/rayhan/DI Software Projects/JobPortal/DIJobs/applications/views.py changed, reloading.
INFO 2024-06-23 16:07:58,876 autoreload Watching for file changes with StatReloader
INFO 2024-06-23 16:08:02,102 autoreload /home/rayhan/DI Software Projects/JobPortal/DIJobs/applications/views.py changed, reloading.
INFO 2024-06-23 16:08:02,334 autoreload Watching for file changes with StatReloader
INFO 2024-06-23 16:08:05,551 autoreload /home/rayhan/DI Software Projects/JobPortal/DIJobs/applications/views.py changed, reloading.
INFO 2024-06-23 16:08:05,825 autoreload Watching for file changes with StatReloader
INFO 2024-06-23 16:08:13,102 autoreload /home/rayhan/DI Software Projects/JobPortal/DIJobs/applications/views.py changed, reloading.
INFO 2024-06-23 16:08:13,347 autoreload Watching for file changes with StatReloader
INFO 2024-06-23 16:08:18,584 autoreload /home/rayhan/DI Software Projects/JobPortal/DIJobs/applications/views.py changed, reloading.
INFO 2024-06-23 16:08:18,828 autoreload Watching for file changes with StatReloader
INFO 2024-06-23 16:08:23,065 autoreload /home/rayhan/DI Software Projects/JobPortal/DIJobs/applications/views.py changed, reloading.
INFO 2024-06-23 16:08:23,342 autoreload Watching for file changes with StatReloader
INFO 2024-06-23 16:08:26,556 autoreload /home/rayhan/DI Software Projects/JobPortal/DIJobs/applications/views.py changed, reloading.
INFO 2024-06-23 16:08:26,818 autoreload Watching for file changes with StatReloader
INFO 2024-06-23 16:08:30,038 autoreload /home/rayhan/DI Software Projects/JobPortal/DIJobs/applications/views.py changed, reloading.
INFO 2024-06-23 16:08:30,280 autoreload Watching for file changes with StatReloader
INFO 2024-06-23 16:08:32,488 autoreload /home/rayhan/DI Software Projects/JobPortal/DIJobs/applications/views.py changed, reloading.
INFO 2024-06-23 16:08:32,725 autoreload Watching for file changes with StatReloader
INFO 2024-06-23 16:08:34,937 autoreload /home/rayhan/DI Software Projects/JobPortal/DIJobs/applications/views.py changed, reloading.
INFO 2024-06-23 16:08:35,167 autoreload Watching for file changes with StatReloader
INFO 2024-06-23 16:08:39,398 autoreload /home/rayhan/DI Software Projects/JobPortal/DIJobs/applications/views.py changed, reloading.
INFO 2024-06-23 16:08:39,637 autoreload Watching for file changes with StatReloader
INFO 2024-06-23 16:11:25,447 autoreload /home/rayhan/DI Software Projects/JobPortal/DIJobs/applications/views.py changed, reloading.
INFO 2024-06-23 16:11:25,687 autoreload Watching for file changes with StatReloader
INFO 2024-06-23 16:11:26,898 autoreload /home/rayhan/DI Software Projects/JobPortal/DIJobs/applications/views.py changed, reloading.
INFO 2024-06-23 16:11:27,151 autoreload Watching for file changes with StatReloader
ERROR 2024-06-23 16:11:53,541 log Internal Server Error: /api/v1/applications/withdraw/6/
Traceback (most recent call last):
  File "/home/rayhan/DI Software Projects/JobPortal/venv/lib/python3.12/site-packages/django/core/handlers/exception.py", line 55, in inner
    response = get_response(request)
               ^^^^^^^^^^^^^^^^^^^^^
  File "/home/rayhan/DI Software Projects/JobPortal/venv/lib/python3.12/site-packages/django/core/handlers/base.py", line 197, in _get_response
    response = wrapped_callback(request, *callback_args, **callback_kwargs)
               ^^^^^^^^^^^^^^^^^^^^^^^^^^^^^^^^^^^^^^^^^^^^^^^^^^^^^^^^^^^^
  File "/home/rayhan/DI Software Projects/JobPortal/venv/lib/python3.12/site-packages/django/views/decorators/csrf.py", line 65, in _view_wrapper
    return view_func(request, *args, **kwargs)
           ^^^^^^^^^^^^^^^^^^^^^^^^^^^^^^^^^^^
  File "/home/rayhan/DI Software Projects/JobPortal/venv/lib/python3.12/site-packages/django/views/generic/base.py", line 104, in view
    return self.dispatch(request, *args, **kwargs)
           ^^^^^^^^^^^^^^^^^^^^^^^^^^^^^^^^^^^^^^^
  File "/home/rayhan/DI Software Projects/JobPortal/venv/lib/python3.12/site-packages/rest_framework/views.py", line 509, in dispatch
    response = self.handle_exception(exc)
               ^^^^^^^^^^^^^^^^^^^^^^^^^^
  File "/home/rayhan/DI Software Projects/JobPortal/venv/lib/python3.12/site-packages/rest_framework/views.py", line 469, in handle_exception
    self.raise_uncaught_exception(exc)
  File "/home/rayhan/DI Software Projects/JobPortal/venv/lib/python3.12/site-packages/rest_framework/views.py", line 480, in raise_uncaught_exception
    raise exc
  File "/home/rayhan/DI Software Projects/JobPortal/venv/lib/python3.12/site-packages/rest_framework/views.py", line 506, in dispatch
    response = handler(request, *args, **kwargs)
               ^^^^^^^^^^^^^^^^^^^^^^^^^^^^^^^^^
  File "/home/rayhan/DI Software Projects/JobPortal/DIJobs/applications/views.py", line 73, in delete
    if os.path.exists(cv_path):
       ^^
NameError: name 'os' is not defined. Did you forget to import 'os'
INFO 2024-06-23 16:12:31,039 autoreload /home/rayhan/DI Software Projects/JobPortal/DIJobs/applications/views.py changed, reloading.
INFO 2024-06-23 16:12:31,274 autoreload Watching for file changes with StatReloader
INFO 2024-06-23 16:12:33,486 autoreload /home/rayhan/DI Software Projects/JobPortal/DIJobs/applications/views.py changed, reloading.
INFO 2024-06-23 16:12:33,732 autoreload Watching for file changes with StatReloader
INFO 2024-06-23 16:12:35,924 autoreload /home/rayhan/DI Software Projects/JobPortal/DIJobs/applications/views.py changed, reloading.
INFO 2024-06-23 16:12:36,159 autoreload Watching for file changes with StatReloader
INFO 2024-06-23 16:12:49,556 views CV file /home/rayhan/DI Software Projects/JobPortal/DIJobs/media/cvs/Rayhan_Ahmed.pdf deleted for application 6.
INFO 2024-06-23 16:13:29,895 autoreload /home/rayhan/DI Software Projects/JobPortal/DIJobs/applications/views.py changed, reloading.
INFO 2024-06-23 16:13:30,205 autoreload Watching for file changes with StatReloader
INFO 2024-06-23 16:13:33,448 autoreload /home/rayhan/DI Software Projects/JobPortal/DIJobs/applications/views.py changed, reloading.
INFO 2024-06-23 16:13:33,694 autoreload Watching for file changes with StatReloader
INFO 2024-06-23 16:13:40,881 autoreload /home/rayhan/DI Software Projects/JobPortal/DIJobs/applications/views.py changed, reloading.
INFO 2024-06-23 16:13:41,111 autoreload Watching for file changes with StatReloader
INFO 2024-06-23 16:13:44,331 autoreload /home/rayhan/DI Software Projects/JobPortal/DIJobs/applications/views.py changed, reloading.
INFO 2024-06-23 16:13:44,567 autoreload Watching for file changes with StatReloader
INFO 2024-06-24 11:03:11,563 autoreload Watching for file changes with StatReloader
INFO 2024-06-24 11:03:23,293 autoreload Watching for file changes with StatReloader
ERROR 2024-06-24 11:08:25,869 log Internal Server Error: /api/v1/jobs/profile/
Traceback (most recent call last):
  File "/home/rayhan/DI Software Projects/JobPortal/venv/lib/python3.12/site-packages/django/core/handlers/exception.py", line 55, in inner
    response = get_response(request)
               ^^^^^^^^^^^^^^^^^^^^^
  File "/home/rayhan/DI Software Projects/JobPortal/venv/lib/python3.12/site-packages/django/core/handlers/base.py", line 197, in _get_response
    response = wrapped_callback(request, *callback_args, **callback_kwargs)
               ^^^^^^^^^^^^^^^^^^^^^^^^^^^^^^^^^^^^^^^^^^^^^^^^^^^^^^^^^^^^
  File "/home/rayhan/DI Software Projects/JobPortal/venv/lib/python3.12/site-packages/django/views/decorators/csrf.py", line 65, in _view_wrapper
    return view_func(request, *args, **kwargs)
           ^^^^^^^^^^^^^^^^^^^^^^^^^^^^^^^^^^^
  File "/home/rayhan/DI Software Projects/JobPortal/venv/lib/python3.12/site-packages/django/views/generic/base.py", line 104, in view
    return self.dispatch(request, *args, **kwargs)
           ^^^^^^^^^^^^^^^^^^^^^^^^^^^^^^^^^^^^^^^
  File "/home/rayhan/DI Software Projects/JobPortal/venv/lib/python3.12/site-packages/rest_framework/views.py", line 509, in dispatch
    response = self.handle_exception(exc)
               ^^^^^^^^^^^^^^^^^^^^^^^^^^
  File "/home/rayhan/DI Software Projects/JobPortal/venv/lib/python3.12/site-packages/rest_framework/views.py", line 469, in handle_exception
    self.raise_uncaught_exception(exc)
  File "/home/rayhan/DI Software Projects/JobPortal/venv/lib/python3.12/site-packages/rest_framework/views.py", line 480, in raise_uncaught_exception
    raise exc
  File "/home/rayhan/DI Software Projects/JobPortal/venv/lib/python3.12/site-packages/rest_framework/views.py", line 506, in dispatch
    response = handler(request, *args, **kwargs)
               ^^^^^^^^^^^^^^^^^^^^^^^^^^^^^^^^^
  File "/home/rayhan/DI Software Projects/JobPortal/DIJobs/jobs/views.py", line 30, in get
    category = self.get_object(category_slug)
               ^^^^^^^^^^^^^^^^^^^^^^^^^^^^^^
  File "/home/rayhan/DI Software Projects/JobPortal/DIJobs/jobs/views.py", line 25, in get_object
    return Category.objects.get(slug=category_slug)
           ^^^^^^^^^^^^^^^^^^^^^^^^^^^^^^^^^^^^^^^^
  File "/home/rayhan/DI Software Projects/JobPortal/venv/lib/python3.12/site-packages/django/db/models/manager.py", line 87, in manager_method
    return getattr(self.get_queryset(), name)(*args, **kwargs)
           ^^^^^^^^^^^^^^^^^^^^^^^^^^^^^^^^^^^^^^^^^^^^^^^^^^^
  File "/home/rayhan/DI Software Projects/JobPortal/venv/lib/python3.12/site-packages/django/db/models/query.py", line 649, in get
    raise self.model.DoesNotExist(
jobs.models.Category.DoesNotExist: Category matching query does not exist.
ERROR 2024-06-24 11:09:05,113 log Internal Server Error: /api/v1/jobs/profile/
Traceback (most recent call last):
  File "/home/rayhan/DI Software Projects/JobPortal/venv/lib/python3.12/site-packages/django/core/handlers/exception.py", line 55, in inner
    response = get_response(request)
               ^^^^^^^^^^^^^^^^^^^^^
  File "/home/rayhan/DI Software Projects/JobPortal/venv/lib/python3.12/site-packages/django/core/handlers/base.py", line 197, in _get_response
    response = wrapped_callback(request, *callback_args, **callback_kwargs)
               ^^^^^^^^^^^^^^^^^^^^^^^^^^^^^^^^^^^^^^^^^^^^^^^^^^^^^^^^^^^^
  File "/home/rayhan/DI Software Projects/JobPortal/venv/lib/python3.12/site-packages/django/views/decorators/csrf.py", line 65, in _view_wrapper
    return view_func(request, *args, **kwargs)
           ^^^^^^^^^^^^^^^^^^^^^^^^^^^^^^^^^^^
  File "/home/rayhan/DI Software Projects/JobPortal/venv/lib/python3.12/site-packages/django/views/generic/base.py", line 104, in view
    return self.dispatch(request, *args, **kwargs)
           ^^^^^^^^^^^^^^^^^^^^^^^^^^^^^^^^^^^^^^^
  File "/home/rayhan/DI Software Projects/JobPortal/venv/lib/python3.12/site-packages/rest_framework/views.py", line 509, in dispatch
    response = self.handle_exception(exc)
               ^^^^^^^^^^^^^^^^^^^^^^^^^^
  File "/home/rayhan/DI Software Projects/JobPortal/venv/lib/python3.12/site-packages/rest_framework/views.py", line 469, in handle_exception
    self.raise_uncaught_exception(exc)
  File "/home/rayhan/DI Software Projects/JobPortal/venv/lib/python3.12/site-packages/rest_framework/views.py", line 480, in raise_uncaught_exception
    raise exc
  File "/home/rayhan/DI Software Projects/JobPortal/venv/lib/python3.12/site-packages/rest_framework/views.py", line 506, in dispatch
    response = handler(request, *args, **kwargs)
               ^^^^^^^^^^^^^^^^^^^^^^^^^^^^^^^^^
  File "/home/rayhan/DI Software Projects/JobPortal/DIJobs/jobs/views.py", line 30, in get
    category = self.get_object(category_slug)
               ^^^^^^^^^^^^^^^^^^^^^^^^^^^^^^
  File "/home/rayhan/DI Software Projects/JobPortal/DIJobs/jobs/views.py", line 25, in get_object
    return Category.objects.get(slug=category_slug)
           ^^^^^^^^^^^^^^^^^^^^^^^^^^^^^^^^^^^^^^^^
  File "/home/rayhan/DI Software Projects/JobPortal/venv/lib/python3.12/site-packages/django/db/models/manager.py", line 87, in manager_method
    return getattr(self.get_queryset(), name)(*args, **kwargs)
           ^^^^^^^^^^^^^^^^^^^^^^^^^^^^^^^^^^^^^^^^^^^^^^^^^^^
  File "/home/rayhan/DI Software Projects/JobPortal/venv/lib/python3.12/site-packages/django/db/models/query.py", line 649, in get
    raise self.model.DoesNotExist(
jobs.models.Category.DoesNotExist: Category matching query does not exist.
ERROR 2024-06-24 11:09:05,137 log Internal Server Error: /api/v1/jobs/profile/
Traceback (most recent call last):
  File "/home/rayhan/DI Software Projects/JobPortal/venv/lib/python3.12/site-packages/django/core/handlers/exception.py", line 55, in inner
    response = get_response(request)
               ^^^^^^^^^^^^^^^^^^^^^
  File "/home/rayhan/DI Software Projects/JobPortal/venv/lib/python3.12/site-packages/django/core/handlers/base.py", line 197, in _get_response
    response = wrapped_callback(request, *callback_args, **callback_kwargs)
               ^^^^^^^^^^^^^^^^^^^^^^^^^^^^^^^^^^^^^^^^^^^^^^^^^^^^^^^^^^^^
  File "/home/rayhan/DI Software Projects/JobPortal/venv/lib/python3.12/site-packages/django/views/decorators/csrf.py", line 65, in _view_wrapper
    return view_func(request, *args, **kwargs)
           ^^^^^^^^^^^^^^^^^^^^^^^^^^^^^^^^^^^
  File "/home/rayhan/DI Software Projects/JobPortal/venv/lib/python3.12/site-packages/django/views/generic/base.py", line 104, in view
    return self.dispatch(request, *args, **kwargs)
           ^^^^^^^^^^^^^^^^^^^^^^^^^^^^^^^^^^^^^^^
  File "/home/rayhan/DI Software Projects/JobPortal/venv/lib/python3.12/site-packages/rest_framework/views.py", line 509, in dispatch
    response = self.handle_exception(exc)
               ^^^^^^^^^^^^^^^^^^^^^^^^^^
  File "/home/rayhan/DI Software Projects/JobPortal/venv/lib/python3.12/site-packages/rest_framework/views.py", line 469, in handle_exception
    self.raise_uncaught_exception(exc)
  File "/home/rayhan/DI Software Projects/JobPortal/venv/lib/python3.12/site-packages/rest_framework/views.py", line 480, in raise_uncaught_exception
    raise exc
  File "/home/rayhan/DI Software Projects/JobPortal/venv/lib/python3.12/site-packages/rest_framework/views.py", line 506, in dispatch
    response = handler(request, *args, **kwargs)
               ^^^^^^^^^^^^^^^^^^^^^^^^^^^^^^^^^
  File "/home/rayhan/DI Software Projects/JobPortal/DIJobs/jobs/views.py", line 30, in get
    category = self.get_object(category_slug)
               ^^^^^^^^^^^^^^^^^^^^^^^^^^^^^^
  File "/home/rayhan/DI Software Projects/JobPortal/DIJobs/jobs/views.py", line 25, in get_object
    return Category.objects.get(slug=category_slug)
           ^^^^^^^^^^^^^^^^^^^^^^^^^^^^^^^^^^^^^^^^
  File "/home/rayhan/DI Software Projects/JobPortal/venv/lib/python3.12/site-packages/django/db/models/manager.py", line 87, in manager_method
    return getattr(self.get_queryset(), name)(*args, **kwargs)
           ^^^^^^^^^^^^^^^^^^^^^^^^^^^^^^^^^^^^^^^^^^^^^^^^^^^
  File "/home/rayhan/DI Software Projects/JobPortal/venv/lib/python3.12/site-packages/django/db/models/query.py", line 649, in get
    raise self.model.DoesNotExist(
jobs.models.Category.DoesNotExist: Category matching query does not exist.
ERROR 2024-06-24 11:09:05,164 log Internal Server Error: /api/v1/jobs/profile/
Traceback (most recent call last):
  File "/home/rayhan/DI Software Projects/JobPortal/venv/lib/python3.12/site-packages/django/core/handlers/exception.py", line 55, in inner
    response = get_response(request)
               ^^^^^^^^^^^^^^^^^^^^^
  File "/home/rayhan/DI Software Projects/JobPortal/venv/lib/python3.12/site-packages/django/core/handlers/base.py", line 197, in _get_response
    response = wrapped_callback(request, *callback_args, **callback_kwargs)
               ^^^^^^^^^^^^^^^^^^^^^^^^^^^^^^^^^^^^^^^^^^^^^^^^^^^^^^^^^^^^
  File "/home/rayhan/DI Software Projects/JobPortal/venv/lib/python3.12/site-packages/django/views/decorators/csrf.py", line 65, in _view_wrapper
    return view_func(request, *args, **kwargs)
           ^^^^^^^^^^^^^^^^^^^^^^^^^^^^^^^^^^^
  File "/home/rayhan/DI Software Projects/JobPortal/venv/lib/python3.12/site-packages/django/views/generic/base.py", line 104, in view
    return self.dispatch(request, *args, **kwargs)
           ^^^^^^^^^^^^^^^^^^^^^^^^^^^^^^^^^^^^^^^
  File "/home/rayhan/DI Software Projects/JobPortal/venv/lib/python3.12/site-packages/rest_framework/views.py", line 509, in dispatch
    response = self.handle_exception(exc)
               ^^^^^^^^^^^^^^^^^^^^^^^^^^
  File "/home/rayhan/DI Software Projects/JobPortal/venv/lib/python3.12/site-packages/rest_framework/views.py", line 469, in handle_exception
    self.raise_uncaught_exception(exc)
  File "/home/rayhan/DI Software Projects/JobPortal/venv/lib/python3.12/site-packages/rest_framework/views.py", line 480, in raise_uncaught_exception
    raise exc
  File "/home/rayhan/DI Software Projects/JobPortal/venv/lib/python3.12/site-packages/rest_framework/views.py", line 506, in dispatch
    response = handler(request, *args, **kwargs)
               ^^^^^^^^^^^^^^^^^^^^^^^^^^^^^^^^^
  File "/home/rayhan/DI Software Projects/JobPortal/DIJobs/jobs/views.py", line 30, in get
    category = self.get_object(category_slug)
               ^^^^^^^^^^^^^^^^^^^^^^^^^^^^^^
  File "/home/rayhan/DI Software Projects/JobPortal/DIJobs/jobs/views.py", line 25, in get_object
    return Category.objects.get(slug=category_slug)
           ^^^^^^^^^^^^^^^^^^^^^^^^^^^^^^^^^^^^^^^^
  File "/home/rayhan/DI Software Projects/JobPortal/venv/lib/python3.12/site-packages/django/db/models/manager.py", line 87, in manager_method
    return getattr(self.get_queryset(), name)(*args, **kwargs)
           ^^^^^^^^^^^^^^^^^^^^^^^^^^^^^^^^^^^^^^^^^^^^^^^^^^^
  File "/home/rayhan/DI Software Projects/JobPortal/venv/lib/python3.12/site-packages/django/db/models/query.py", line 649, in get
    raise self.model.DoesNotExist(
jobs.models.Category.DoesNotExist: Category matching query does not exist.
ERROR 2024-06-24 11:09:12,257 log Internal Server Error: /api/v1/jobs/profile/
Traceback (most recent call last):
  File "/home/rayhan/DI Software Projects/JobPortal/venv/lib/python3.12/site-packages/django/core/handlers/exception.py", line 55, in inner
    response = get_response(request)
               ^^^^^^^^^^^^^^^^^^^^^
  File "/home/rayhan/DI Software Projects/JobPortal/venv/lib/python3.12/site-packages/django/core/handlers/base.py", line 197, in _get_response
    response = wrapped_callback(request, *callback_args, **callback_kwargs)
               ^^^^^^^^^^^^^^^^^^^^^^^^^^^^^^^^^^^^^^^^^^^^^^^^^^^^^^^^^^^^
  File "/home/rayhan/DI Software Projects/JobPortal/venv/lib/python3.12/site-packages/django/views/decorators/csrf.py", line 65, in _view_wrapper
    return view_func(request, *args, **kwargs)
           ^^^^^^^^^^^^^^^^^^^^^^^^^^^^^^^^^^^
  File "/home/rayhan/DI Software Projects/JobPortal/venv/lib/python3.12/site-packages/django/views/generic/base.py", line 104, in view
    return self.dispatch(request, *args, **kwargs)
           ^^^^^^^^^^^^^^^^^^^^^^^^^^^^^^^^^^^^^^^
  File "/home/rayhan/DI Software Projects/JobPortal/venv/lib/python3.12/site-packages/rest_framework/views.py", line 509, in dispatch
    response = self.handle_exception(exc)
               ^^^^^^^^^^^^^^^^^^^^^^^^^^
  File "/home/rayhan/DI Software Projects/JobPortal/venv/lib/python3.12/site-packages/rest_framework/views.py", line 469, in handle_exception
    self.raise_uncaught_exception(exc)
  File "/home/rayhan/DI Software Projects/JobPortal/venv/lib/python3.12/site-packages/rest_framework/views.py", line 480, in raise_uncaught_exception
    raise exc
  File "/home/rayhan/DI Software Projects/JobPortal/venv/lib/python3.12/site-packages/rest_framework/views.py", line 506, in dispatch
    response = handler(request, *args, **kwargs)
               ^^^^^^^^^^^^^^^^^^^^^^^^^^^^^^^^^
  File "/home/rayhan/DI Software Projects/JobPortal/DIJobs/jobs/views.py", line 30, in get
    category = self.get_object(category_slug)
               ^^^^^^^^^^^^^^^^^^^^^^^^^^^^^^
  File "/home/rayhan/DI Software Projects/JobPortal/DIJobs/jobs/views.py", line 25, in get_object
    return Category.objects.get(slug=category_slug)
           ^^^^^^^^^^^^^^^^^^^^^^^^^^^^^^^^^^^^^^^^
  File "/home/rayhan/DI Software Projects/JobPortal/venv/lib/python3.12/site-packages/django/db/models/manager.py", line 87, in manager_method
    return getattr(self.get_queryset(), name)(*args, **kwargs)
           ^^^^^^^^^^^^^^^^^^^^^^^^^^^^^^^^^^^^^^^^^^^^^^^^^^^
  File "/home/rayhan/DI Software Projects/JobPortal/venv/lib/python3.12/site-packages/django/db/models/query.py", line 649, in get
    raise self.model.DoesNotExist(
jobs.models.Category.DoesNotExist: Category matching query does not exist.
ERROR 2024-06-24 11:09:17,220 log Internal Server Error: /api/v1/jobs/profile/
Traceback (most recent call last):
  File "/home/rayhan/DI Software Projects/JobPortal/venv/lib/python3.12/site-packages/django/core/handlers/exception.py", line 55, in inner
    response = get_response(request)
               ^^^^^^^^^^^^^^^^^^^^^
  File "/home/rayhan/DI Software Projects/JobPortal/venv/lib/python3.12/site-packages/django/core/handlers/base.py", line 197, in _get_response
    response = wrapped_callback(request, *callback_args, **callback_kwargs)
               ^^^^^^^^^^^^^^^^^^^^^^^^^^^^^^^^^^^^^^^^^^^^^^^^^^^^^^^^^^^^
  File "/home/rayhan/DI Software Projects/JobPortal/venv/lib/python3.12/site-packages/django/views/decorators/csrf.py", line 65, in _view_wrapper
    return view_func(request, *args, **kwargs)
           ^^^^^^^^^^^^^^^^^^^^^^^^^^^^^^^^^^^
  File "/home/rayhan/DI Software Projects/JobPortal/venv/lib/python3.12/site-packages/django/views/generic/base.py", line 104, in view
    return self.dispatch(request, *args, **kwargs)
           ^^^^^^^^^^^^^^^^^^^^^^^^^^^^^^^^^^^^^^^
  File "/home/rayhan/DI Software Projects/JobPortal/venv/lib/python3.12/site-packages/rest_framework/views.py", line 509, in dispatch
    response = self.handle_exception(exc)
               ^^^^^^^^^^^^^^^^^^^^^^^^^^
  File "/home/rayhan/DI Software Projects/JobPortal/venv/lib/python3.12/site-packages/rest_framework/views.py", line 469, in handle_exception
    self.raise_uncaught_exception(exc)
  File "/home/rayhan/DI Software Projects/JobPortal/venv/lib/python3.12/site-packages/rest_framework/views.py", line 480, in raise_uncaught_exception
    raise exc
  File "/home/rayhan/DI Software Projects/JobPortal/venv/lib/python3.12/site-packages/rest_framework/views.py", line 506, in dispatch
    response = handler(request, *args, **kwargs)
               ^^^^^^^^^^^^^^^^^^^^^^^^^^^^^^^^^
  File "/home/rayhan/DI Software Projects/JobPortal/DIJobs/jobs/views.py", line 30, in get
    category = self.get_object(category_slug)
               ^^^^^^^^^^^^^^^^^^^^^^^^^^^^^^
  File "/home/rayhan/DI Software Projects/JobPortal/DIJobs/jobs/views.py", line 25, in get_object
    return Category.objects.get(slug=category_slug)
           ^^^^^^^^^^^^^^^^^^^^^^^^^^^^^^^^^^^^^^^^
  File "/home/rayhan/DI Software Projects/JobPortal/venv/lib/python3.12/site-packages/django/db/models/manager.py", line 87, in manager_method
    return getattr(self.get_queryset(), name)(*args, **kwargs)
           ^^^^^^^^^^^^^^^^^^^^^^^^^^^^^^^^^^^^^^^^^^^^^^^^^^^
  File "/home/rayhan/DI Software Projects/JobPortal/venv/lib/python3.12/site-packages/django/db/models/query.py", line 649, in get
    raise self.model.DoesNotExist(
jobs.models.Category.DoesNotExist: Category matching query does not exist.
ERROR 2024-06-24 11:09:21,930 log Internal Server Error: /api/v1/jobs/profile/
Traceback (most recent call last):
  File "/home/rayhan/DI Software Projects/JobPortal/venv/lib/python3.12/site-packages/django/core/handlers/exception.py", line 55, in inner
    response = get_response(request)
               ^^^^^^^^^^^^^^^^^^^^^
  File "/home/rayhan/DI Software Projects/JobPortal/venv/lib/python3.12/site-packages/django/core/handlers/base.py", line 197, in _get_response
    response = wrapped_callback(request, *callback_args, **callback_kwargs)
               ^^^^^^^^^^^^^^^^^^^^^^^^^^^^^^^^^^^^^^^^^^^^^^^^^^^^^^^^^^^^
  File "/home/rayhan/DI Software Projects/JobPortal/venv/lib/python3.12/site-packages/django/views/decorators/csrf.py", line 65, in _view_wrapper
    return view_func(request, *args, **kwargs)
           ^^^^^^^^^^^^^^^^^^^^^^^^^^^^^^^^^^^
  File "/home/rayhan/DI Software Projects/JobPortal/venv/lib/python3.12/site-packages/django/views/generic/base.py", line 104, in view
    return self.dispatch(request, *args, **kwargs)
           ^^^^^^^^^^^^^^^^^^^^^^^^^^^^^^^^^^^^^^^
  File "/home/rayhan/DI Software Projects/JobPortal/venv/lib/python3.12/site-packages/rest_framework/views.py", line 509, in dispatch
    response = self.handle_exception(exc)
               ^^^^^^^^^^^^^^^^^^^^^^^^^^
  File "/home/rayhan/DI Software Projects/JobPortal/venv/lib/python3.12/site-packages/rest_framework/views.py", line 469, in handle_exception
    self.raise_uncaught_exception(exc)
  File "/home/rayhan/DI Software Projects/JobPortal/venv/lib/python3.12/site-packages/rest_framework/views.py", line 480, in raise_uncaught_exception
    raise exc
  File "/home/rayhan/DI Software Projects/JobPortal/venv/lib/python3.12/site-packages/rest_framework/views.py", line 506, in dispatch
    response = handler(request, *args, **kwargs)
               ^^^^^^^^^^^^^^^^^^^^^^^^^^^^^^^^^
  File "/home/rayhan/DI Software Projects/JobPortal/DIJobs/jobs/views.py", line 30, in get
    category = self.get_object(category_slug)
               ^^^^^^^^^^^^^^^^^^^^^^^^^^^^^^
  File "/home/rayhan/DI Software Projects/JobPortal/DIJobs/jobs/views.py", line 25, in get_object
    return Category.objects.get(slug=category_slug)
           ^^^^^^^^^^^^^^^^^^^^^^^^^^^^^^^^^^^^^^^^
  File "/home/rayhan/DI Software Projects/JobPortal/venv/lib/python3.12/site-packages/django/db/models/manager.py", line 87, in manager_method
    return getattr(self.get_queryset(), name)(*args, **kwargs)
           ^^^^^^^^^^^^^^^^^^^^^^^^^^^^^^^^^^^^^^^^^^^^^^^^^^^
  File "/home/rayhan/DI Software Projects/JobPortal/venv/lib/python3.12/site-packages/django/db/models/query.py", line 649, in get
    raise self.model.DoesNotExist(
jobs.models.Category.DoesNotExist: Category matching query does not exist.
ERROR 2024-06-24 11:10:05,272 log Internal Server Error: /api/v1/jobs/profile/
Traceback (most recent call last):
  File "/home/rayhan/DI Software Projects/JobPortal/venv/lib/python3.12/site-packages/django/core/handlers/exception.py", line 55, in inner
    response = get_response(request)
               ^^^^^^^^^^^^^^^^^^^^^
  File "/home/rayhan/DI Software Projects/JobPortal/venv/lib/python3.12/site-packages/django/core/handlers/base.py", line 197, in _get_response
    response = wrapped_callback(request, *callback_args, **callback_kwargs)
               ^^^^^^^^^^^^^^^^^^^^^^^^^^^^^^^^^^^^^^^^^^^^^^^^^^^^^^^^^^^^
  File "/home/rayhan/DI Software Projects/JobPortal/venv/lib/python3.12/site-packages/django/views/decorators/csrf.py", line 65, in _view_wrapper
    return view_func(request, *args, **kwargs)
           ^^^^^^^^^^^^^^^^^^^^^^^^^^^^^^^^^^^
  File "/home/rayhan/DI Software Projects/JobPortal/venv/lib/python3.12/site-packages/django/views/generic/base.py", line 104, in view
    return self.dispatch(request, *args, **kwargs)
           ^^^^^^^^^^^^^^^^^^^^^^^^^^^^^^^^^^^^^^^
  File "/home/rayhan/DI Software Projects/JobPortal/venv/lib/python3.12/site-packages/rest_framework/views.py", line 509, in dispatch
    response = self.handle_exception(exc)
               ^^^^^^^^^^^^^^^^^^^^^^^^^^
  File "/home/rayhan/DI Software Projects/JobPortal/venv/lib/python3.12/site-packages/rest_framework/views.py", line 469, in handle_exception
    self.raise_uncaught_exception(exc)
  File "/home/rayhan/DI Software Projects/JobPortal/venv/lib/python3.12/site-packages/rest_framework/views.py", line 480, in raise_uncaught_exception
    raise exc
  File "/home/rayhan/DI Software Projects/JobPortal/venv/lib/python3.12/site-packages/rest_framework/views.py", line 506, in dispatch
    response = handler(request, *args, **kwargs)
               ^^^^^^^^^^^^^^^^^^^^^^^^^^^^^^^^^
  File "/home/rayhan/DI Software Projects/JobPortal/DIJobs/jobs/views.py", line 30, in get
    category = self.get_object(category_slug)
               ^^^^^^^^^^^^^^^^^^^^^^^^^^^^^^
  File "/home/rayhan/DI Software Projects/JobPortal/DIJobs/jobs/views.py", line 25, in get_object
    return Category.objects.get(slug=category_slug)
           ^^^^^^^^^^^^^^^^^^^^^^^^^^^^^^^^^^^^^^^^
  File "/home/rayhan/DI Software Projects/JobPortal/venv/lib/python3.12/site-packages/django/db/models/manager.py", line 87, in manager_method
    return getattr(self.get_queryset(), name)(*args, **kwargs)
           ^^^^^^^^^^^^^^^^^^^^^^^^^^^^^^^^^^^^^^^^^^^^^^^^^^^
  File "/home/rayhan/DI Software Projects/JobPortal/venv/lib/python3.12/site-packages/django/db/models/query.py", line 649, in get
    raise self.model.DoesNotExist(
jobs.models.Category.DoesNotExist: Category matching query does not exist.
WARNING 2024-06-24 12:18:12,736 log Not Found: /favicon.ico
WARNING 2024-06-24 15:02:44,879 log Method Not Allowed: /api/v1/user/
ERROR 2024-06-24 15:03:04,933 log Internal Server Error: /api/v1/users/me
Traceback (most recent call last):
  File "/home/rayhan/DI Software Projects/JobPortal/venv/lib/python3.12/site-packages/django/core/handlers/exception.py", line 55, in inner
    response = get_response(request)
               ^^^^^^^^^^^^^^^^^^^^^
  File "/home/rayhan/DI Software Projects/JobPortal/venv/lib/python3.12/site-packages/django/utils/deprecation.py", line 136, in __call__
    response = self.process_response(request, response)
               ^^^^^^^^^^^^^^^^^^^^^^^^^^^^^^^^^^^^^^^^
  File "/home/rayhan/DI Software Projects/JobPortal/venv/lib/python3.12/site-packages/django/middleware/common.py", line 108, in process_response
    return self.response_redirect_class(self.get_full_path_with_slash(request))
                                        ^^^^^^^^^^^^^^^^^^^^^^^^^^^^^^^^^^^^^^
  File "/home/rayhan/DI Software Projects/JobPortal/venv/lib/python3.12/site-packages/django/middleware/common.py", line 87, in get_full_path_with_slash
    raise RuntimeError(
RuntimeError: You called this URL via PUT, but the URL doesn't end in a slash and you have APPEND_SLASH set. Django can't redirect to the slash URL while maintaining PUT data. Change your form to point to 127.0.0.1:8000/api/v1/users/me/ (note the trailing slash), or set APPEND_SLASH=False in your Django settings.
WARNING 2024-06-24 15:04:14,711 log Not Found: /api/v1/auth/users/me/
WARNING 2024-06-24 15:34:41,376 log Method Not Allowed: /api/v1/users/me/
INFO 2024-06-24 15:41:02,341 autoreload /home/rayhan/DI Software Projects/JobPortal/DIJobs/DIJobs/serializers.py changed, reloading.
INFO 2024-06-24 15:41:02,639 autoreload Watching for file changes with StatReloader
INFO 2024-06-24 15:41:03,855 autoreload /home/rayhan/DI Software Projects/JobPortal/DIJobs/DIJobs/serializers.py changed, reloading.
INFO 2024-06-24 15:41:04,107 autoreload Watching for file changes with StatReloader
INFO 2024-06-24 15:48:33,437 autoreload /home/rayhan/DI Software Projects/JobPortal/DIJobs/DIJobs/serializers.py changed, reloading.
INFO 2024-06-24 15:48:33,687 autoreload Watching for file changes with StatReloader
INFO 2024-06-24 15:48:37,923 autoreload /home/rayhan/DI Software Projects/JobPortal/DIJobs/DIJobs/serializers.py changed, reloading.
INFO 2024-06-24 15:48:38,163 autoreload Watching for file changes with StatReloader
INFO 2024-06-24 15:48:40,378 autoreload /home/rayhan/DI Software Projects/JobPortal/DIJobs/DIJobs/serializers.py changed, reloading.
INFO 2024-06-24 15:48:40,642 autoreload Watching for file changes with StatReloader
INFO 2024-06-24 15:53:27,538 autoreload /home/rayhan/DI Software Projects/JobPortal/DIJobs/DIJobs/settings.py changed, reloading.
INFO 2024-06-24 15:53:27,801 autoreload Watching for file changes with StatReloader
INFO 2024-06-24 15:53:33,020 autoreload /home/rayhan/DI Software Projects/JobPortal/DIJobs/DIJobs/settings.py changed, reloading.
INFO 2024-06-24 15:53:33,268 autoreload Watching for file changes with StatReloader
INFO 2024-06-24 16:11:04,134 autoreload /home/rayhan/DI Software Projects/JobPortal/DIJobs/DIJobs/serializers.py changed, reloading.
INFO 2024-06-24 16:11:04,383 autoreload Watching for file changes with StatReloader
INFO 2024-06-24 16:11:06,597 autoreload /home/rayhan/DI Software Projects/JobPortal/DIJobs/DIJobs/serializers.py changed, reloading.
INFO 2024-06-24 16:11:06,838 autoreload Watching for file changes with StatReloader
INFO 2024-06-24 16:11:10,062 autoreload /home/rayhan/DI Software Projects/JobPortal/DIJobs/DIJobs/serializers.py changed, reloading.
INFO 2024-06-24 16:11:10,298 autoreload Watching for file changes with StatReloader
INFO 2024-06-24 16:11:17,562 autoreload /home/rayhan/DI Software Projects/JobPortal/DIJobs/DIJobs/serializers.py changed, reloading.
INFO 2024-06-24 16:11:17,799 autoreload Watching for file changes with StatReloader
INFO 2024-06-24 17:16:00,605 autoreload /home/rayhan/DI Software Projects/JobPortal/DIJobs/DIJobs/views.py changed, reloading.
INFO 2024-06-24 17:16:00,849 autoreload Watching for file changes with StatReloader
INFO 2024-06-24 17:16:21,233 autoreload /home/rayhan/DI Software Projects/JobPortal/DIJobs/DIJobs/views.py changed, reloading.
INFO 2024-06-24 17:16:21,551 autoreload Watching for file changes with StatReloader
INFO 2024-06-24 17:16:37,894 autoreload /home/rayhan/DI Software Projects/JobPortal/DIJobs/DIJobs/views.py changed, reloading.
INFO 2024-06-24 17:16:38,144 autoreload Watching for file changes with StatReloader
INFO 2024-06-24 17:17:09,693 autoreload /home/rayhan/DI Software Projects/JobPortal/DIJobs/DIJobs/views.py changed, reloading.
INFO 2024-06-24 17:17:09,952 autoreload Watching for file changes with StatReloader
INFO 2024-06-24 17:18:23,881 autoreload /home/rayhan/DI Software Projects/JobPortal/DIJobs/DIJobs/views.py changed, reloading.
INFO 2024-06-24 17:18:24,201 autoreload Watching for file changes with StatReloader
WARNING 2024-06-24 17:19:19,566 log Unauthorized: /api/v1/users/me/
WARNING 2024-06-24 17:19:19,741 log Not Found: /favicon.ico
WARNING 2024-06-24 17:19:28,992 log Unauthorized: /api/v1/users/me/
ERROR 2024-06-24 17:20:36,619 log Internal Server Error: /api/v1/users/me
Traceback (most recent call last):
  File "/home/rayhan/DI Software Projects/JobPortal/venv/lib/python3.12/site-packages/django/core/handlers/exception.py", line 55, in inner
    response = get_response(request)
               ^^^^^^^^^^^^^^^^^^^^^
  File "/home/rayhan/DI Software Projects/JobPortal/venv/lib/python3.12/site-packages/django/utils/deprecation.py", line 136, in __call__
    response = self.process_response(request, response)
               ^^^^^^^^^^^^^^^^^^^^^^^^^^^^^^^^^^^^^^^^
  File "/home/rayhan/DI Software Projects/JobPortal/venv/lib/python3.12/site-packages/django/middleware/common.py", line 108, in process_response
    return self.response_redirect_class(self.get_full_path_with_slash(request))
                                        ^^^^^^^^^^^^^^^^^^^^^^^^^^^^^^^^^^^^^^
  File "/home/rayhan/DI Software Projects/JobPortal/venv/lib/python3.12/site-packages/django/middleware/common.py", line 87, in get_full_path_with_slash
    raise RuntimeError(
RuntimeError: You called this URL via PUT, but the URL doesn't end in a slash and you have APPEND_SLASH set. Django can't redirect to the slash URL while maintaining PUT data. Change your form to point to 127.0.0.1:8000/api/v1/users/me/ (note the trailing slash), or set APPEND_SLASH=False in your Django settings.
WARNING 2024-06-24 17:20:59,512 log Unauthorized: /api/v1/users/me/
WARNING 2024-06-24 17:22:36,509 log Unauthorized: /api/v1/users/me/
WARNING 2024-06-24 17:23:10,849 log Unauthorized: /api/v1/users/me/
WARNING 2024-06-24 17:23:12,025 log Unauthorized: /api/v1/users/me/
WARNING 2024-06-24 17:23:12,832 log Unauthorized: /api/v1/users/me/
INFO 2024-06-25 11:21:42,978 autoreload Watching for file changes with StatReloader
INFO 2024-06-25 11:46:15,791 autoreload /home/rayhan/DI Software Projects/JobPortal/DIJobs/DIJobs/views.py changed, reloading.
INFO 2024-06-25 11:46:16,040 autoreload Watching for file changes with StatReloader
INFO 2024-06-25 11:46:32,390 autoreload /home/rayhan/DI Software Projects/JobPortal/DIJobs/DIJobs/views.py changed, reloading.
INFO 2024-06-25 11:46:32,720 autoreload Watching for file changes with StatReloader
INFO 2024-06-25 11:46:45,033 autoreload /home/rayhan/DI Software Projects/JobPortal/DIJobs/DIJobs/views.py changed, reloading.
INFO 2024-06-25 11:46:45,283 autoreload Watching for file changes with StatReloader
INFO 2024-06-25 11:46:57,593 autoreload /home/rayhan/DI Software Projects/JobPortal/DIJobs/DIJobs/views.py changed, reloading.
INFO 2024-06-25 11:46:57,836 autoreload Watching for file changes with StatReloader
INFO 2024-06-25 11:46:59,954 autoreload /home/rayhan/DI Software Projects/JobPortal/DIJobs/DIJobs/views.py changed, reloading.
INFO 2024-06-25 11:47:00,181 autoreload Watching for file changes with StatReloader
INFO 2024-06-25 11:48:40,363 autoreload /home/rayhan/DI Software Projects/JobPortal/DIJobs/DIJobs/views.py changed, reloading.
INFO 2024-06-25 11:48:40,615 autoreload Watching for file changes with StatReloader
INFO 2024-06-25 11:48:47,872 autoreload /home/rayhan/DI Software Projects/JobPortal/DIJobs/DIJobs/views.py changed, reloading.
INFO 2024-06-25 11:48:48,120 autoreload Watching for file changes with StatReloader
INFO 2024-06-25 11:49:15,621 autoreload /home/rayhan/DI Software Projects/JobPortal/DIJobs/DIJobs/views.py changed, reloading.
INFO 2024-06-25 11:49:15,856 autoreload Watching for file changes with StatReloader
INFO 2024-06-25 11:53:15,274 autoreload /home/rayhan/DI Software Projects/JobPortal/DIJobs/DIJobs/views.py changed, reloading.
INFO 2024-06-25 11:53:15,506 autoreload Watching for file changes with StatReloader
INFO 2024-06-25 11:53:17,672 autoreload /home/rayhan/DI Software Projects/JobPortal/DIJobs/DIJobs/views.py changed, reloading.
INFO 2024-06-25 11:53:17,904 autoreload Watching for file changes with StatReloader
INFO 2024-06-25 11:55:10,498 autoreload Watching for file changes with StatReloader
INFO 2024-06-25 12:10:05,874 autoreload /home/rayhan/DI Software Projects/JobPortal/DIJobs/DIJobs/views.py changed, reloading.
INFO 2024-06-25 12:10:06,143 autoreload Watching for file changes with StatReloader
INFO 2024-06-25 12:10:09,375 autoreload /home/rayhan/DI Software Projects/JobPortal/DIJobs/DIJobs/views.py changed, reloading.
INFO 2024-06-25 12:10:09,623 autoreload Watching for file changes with StatReloader
INFO 2024-06-25 12:10:32,570 views Received GET request to update user profile
INFO 2024-06-25 12:10:32,577 views Received GET request to update user profile
INFO 2024-06-25 12:10:32,588 views Received GET request to update user profile
INFO 2024-06-25 12:10:32,639 views Received GET request to update user profile
INFO 2024-06-25 12:10:32,644 views Received GET request to update user profile
INFO 2024-06-25 12:10:32,692 views Received GET request to update user profile
INFO 2024-06-25 12:10:32,696 views Received GET request to update user profile
INFO 2024-06-25 12:10:32,742 views Received GET request to update user profile
INFO 2024-06-25 12:10:32,746 views Received GET request to update user profile
INFO 2024-06-25 12:10:58,302 autoreload /home/rayhan/DI Software Projects/JobPortal/DIJobs/DIJobs/views.py changed, reloading.
INFO 2024-06-25 12:10:58,536 autoreload Watching for file changes with StatReloader
INFO 2024-06-25 12:11:42,137 autoreload /home/rayhan/DI Software Projects/JobPortal/DIJobs/DIJobs/views.py changed, reloading.
INFO 2024-06-25 12:11:42,410 autoreload Watching for file changes with StatReloader
INFO 2024-06-25 12:15:55,008 autoreload /home/rayhan/DI Software Projects/JobPortal/DIJobs/DIJobs/serializers.py changed, reloading.
INFO 2024-06-25 12:15:55,248 autoreload Watching for file changes with StatReloader
INFO 2024-06-25 12:16:28,792 autoreload /home/rayhan/DI Software Projects/JobPortal/DIJobs/DIJobs/views.py changed, reloading.
INFO 2024-06-25 12:16:29,064 autoreload Watching for file changes with StatReloader
WARNING 2024-06-25 12:30:11,873 log Unauthorized: /api/v1/users/me/
WARNING 2024-06-25 12:53:55,200 log Unauthorized: /api/v1/users/me/
WARNING 2024-06-25 12:54:10,057 log Unauthorized: /api/v1/users/me/
WARNING 2024-06-25 12:54:16,577 log Unauthorized: /api/v1/users/me/
WARNING 2024-06-25 12:54:35,819 log Unauthorized: /api/v1/users/me/
WARNING 2024-06-25 12:54:37,003 log Unauthorized: /api/v1/users/me/
WARNING 2024-06-25 12:54:37,829 log Unauthorized: /api/v1/users/me/
WARNING 2024-06-25 12:54:58,698 log Unauthorized: /api/v1/users/me/
WARNING 2024-06-25 12:55:03,716 log Unauthorized: /api/v1/users/me/
WARNING 2024-06-25 12:55:34,038 log Unauthorized: /api/v1/users/me/
WARNING 2024-06-25 12:55:46,789 log Unauthorized: /api/v1/users/me/
WARNING 2024-06-25 12:56:00,891 log Unauthorized: /api/v1/users/me/
WARNING 2024-06-25 12:56:02,012 log Unauthorized: /api/v1/users/me/
WARNING 2024-06-25 13:01:09,724 log Unauthorized: /api/v1/users/me/
WARNING 2024-06-25 13:01:13,807 log Unauthorized: /api/v1/users/me/
INFO 2024-06-25 13:20:40,562 autoreload /home/rayhan/DI Software Projects/JobPortal/DIJobs/DIJobs/serializers.py changed, reloading.
INFO 2024-06-25 13:20:40,797 autoreload Watching for file changes with StatReloader
INFO 2024-06-25 13:21:03,145 autoreload /home/rayhan/DI Software Projects/JobPortal/DIJobs/DIJobs/serializers.py changed, reloading.
INFO 2024-06-25 13:21:03,376 autoreload Watching for file changes with StatReloader
INFO 2024-06-25 13:21:51,958 autoreload /home/rayhan/DI Software Projects/JobPortal/DIJobs/DIJobs/serializers.py changed, reloading.
INFO 2024-06-25 13:21:52,199 autoreload Watching for file changes with StatReloader
INFO 2024-06-25 13:21:58,376 autoreload /home/rayhan/DI Software Projects/JobPortal/DIJobs/DIJobs/serializers.py changed, reloading.
INFO 2024-06-25 13:21:58,616 autoreload Watching for file changes with StatReloader
INFO 2024-06-25 13:22:19,910 autoreload /home/rayhan/DI Software Projects/JobPortal/DIJobs/DIJobs/settings.py changed, reloading.
INFO 2024-06-25 13:22:20,148 autoreload Watching for file changes with StatReloader
INFO 2024-06-25 13:22:26,359 autoreload /home/rayhan/DI Software Projects/JobPortal/DIJobs/DIJobs/settings.py changed, reloading.
INFO 2024-06-25 13:22:26,600 autoreload Watching for file changes with StatReloader
INFO 2024-06-25 13:22:30,794 autoreload /home/rayhan/DI Software Projects/JobPortal/DIJobs/DIJobs/settings.py changed, reloading.
INFO 2024-06-25 13:22:31,034 autoreload Watching for file changes with StatReloader
INFO 2024-06-25 13:51:05,352 autoreload /home/rayhan/DI Software Projects/JobPortal/DIJobs/DIJobs/serializers.py changed, reloading.
INFO 2024-06-25 13:51:05,600 autoreload Watching for file changes with StatReloader
INFO 2024-06-25 13:51:10,801 autoreload /home/rayhan/DI Software Projects/JobPortal/DIJobs/DIJobs/serializers.py changed, reloading.
INFO 2024-06-25 13:51:11,032 autoreload Watching for file changes with StatReloader
INFO 2024-06-25 13:51:18,238 autoreload /home/rayhan/DI Software Projects/JobPortal/DIJobs/DIJobs/serializers.py changed, reloading.
INFO 2024-06-25 13:51:18,469 autoreload Watching for file changes with StatReloader
INFO 2024-06-25 13:51:42,820 autoreload /home/rayhan/DI Software Projects/JobPortal/DIJobs/DIJobs/serializers.py changed, reloading.
INFO 2024-06-25 13:51:43,055 autoreload Watching for file changes with StatReloader
WARNING 2024-06-25 14:21:20,749 log Bad Request: /api/v1/token/login
INFO 2024-06-26 12:03:56,438 autoreload Watching for file changes with StatReloader
INFO 2024-06-26 13:28:10,091 autoreload /home/rayhan/DI Software Projects/JobPortal/DIJobs/DIJobs/views.py changed, reloading.
INFO 2024-06-26 13:28:10,328 autoreload Watching for file changes with StatReloader
INFO 2024-06-26 13:28:39,781 autoreload /home/rayhan/DI Software Projects/JobPortal/DIJobs/DIJobs/views.py changed, reloading.
INFO 2024-06-26 13:28:40,060 autoreload Watching for file changes with StatReloader
INFO 2024-06-26 13:29:31,739 autoreload /home/rayhan/DI Software Projects/JobPortal/DIJobs/DIJobs/settings.py changed, reloading.
INFO 2024-06-26 13:29:31,978 autoreload Watching for file changes with StatReloader
INFO 2024-06-26 13:29:34,195 autoreload /home/rayhan/DI Software Projects/JobPortal/DIJobs/DIJobs/settings.py changed, reloading.
INFO 2024-06-26 13:29:34,433 autoreload Watching for file changes with StatReloader
INFO 2024-06-26 13:30:07,937 autoreload /home/rayhan/DI Software Projects/JobPortal/DIJobs/DIJobs/views.py changed, reloading.
INFO 2024-06-26 13:30:08,189 autoreload Watching for file changes with StatReloader
INFO 2024-06-26 13:30:11,317 autoreload /home/rayhan/DI Software Projects/JobPortal/DIJobs/DIJobs/views.py changed, reloading.
INFO 2024-06-26 13:30:11,545 autoreload Watching for file changes with StatReloader
INFO 2024-06-26 13:30:13,666 autoreload /home/rayhan/DI Software Projects/JobPortal/DIJobs/DIJobs/views.py changed, reloading.
INFO 2024-06-26 13:30:13,894 autoreload Watching for file changes with StatReloader
INFO 2024-06-26 13:30:15,006 autoreload /home/rayhan/DI Software Projects/JobPortal/DIJobs/DIJobs/views.py changed, reloading.
INFO 2024-06-26 13:30:15,249 autoreload Watching for file changes with StatReloader
INFO 2024-06-26 13:30:21,404 autoreload /home/rayhan/DI Software Projects/JobPortal/DIJobs/DIJobs/views.py changed, reloading.
INFO 2024-06-26 13:30:21,649 autoreload Watching for file changes with StatReloader
INFO 2024-06-26 13:30:23,772 autoreload /home/rayhan/DI Software Projects/JobPortal/DIJobs/DIJobs/views.py changed, reloading.
INFO 2024-06-26 13:30:24,004 autoreload Watching for file changes with StatReloader
INFO 2024-06-26 13:30:29,252 autoreload /home/rayhan/DI Software Projects/JobPortal/DIJobs/DIJobs/views.py changed, reloading.
INFO 2024-06-26 13:30:29,502 autoreload Watching for file changes with StatReloader
INFO 2024-06-26 13:30:40,802 autoreload /home/rayhan/DI Software Projects/JobPortal/DIJobs/DIJobs/urls.py changed, reloading.
INFO 2024-06-26 13:30:41,036 autoreload Watching for file changes with StatReloader
INFO 2024-06-26 13:30:48,292 autoreload /home/rayhan/DI Software Projects/JobPortal/DIJobs/DIJobs/urls.py changed, reloading.
INFO 2024-06-26 13:30:48,541 autoreload Watching for file changes with StatReloader
INFO 2024-06-26 13:30:53,785 autoreload /home/rayhan/DI Software Projects/JobPortal/DIJobs/DIJobs/urls.py changed, reloading.
INFO 2024-06-26 13:30:54,039 autoreload Watching for file changes with StatReloader
INFO 2024-06-26 13:31:03,245 autoreload /home/rayhan/DI Software Projects/JobPortal/DIJobs/DIJobs/urls.py changed, reloading.
INFO 2024-06-26 13:31:03,484 autoreload Watching for file changes with StatReloader
INFO 2024-06-26 13:32:07,140 autoreload /home/rayhan/DI Software Projects/JobPortal/DIJobs/DIJobs/views.py changed, reloading.
INFO 2024-06-26 13:32:07,389 autoreload Watching for file changes with StatReloader
INFO 2024-06-26 13:32:09,508 autoreload /home/rayhan/DI Software Projects/JobPortal/DIJobs/DIJobs/views.py changed, reloading.
INFO 2024-06-26 13:32:09,732 autoreload Watching for file changes with StatReloader
INFO 2024-06-26 13:32:15,905 autoreload /home/rayhan/DI Software Projects/JobPortal/DIJobs/DIJobs/views.py changed, reloading.
INFO 2024-06-26 13:32:16,142 autoreload Watching for file changes with StatReloader
INFO 2024-06-26 13:32:40,464 autoreload /home/rayhan/DI Software Projects/JobPortal/DIJobs/DIJobs/urls.py changed, reloading.
INFO 2024-06-26 13:32:40,694 autoreload Watching for file changes with StatReloader
INFO 2024-06-26 13:32:42,817 autoreload /home/rayhan/DI Software Projects/JobPortal/DIJobs/DIJobs/urls.py changed, reloading.
INFO 2024-06-26 13:32:43,039 autoreload Watching for file changes with StatReloader
INFO 2024-06-26 13:33:57,597 views Received PUT request to update user profile
DEBUG 2024-06-26 13:33:57,597 views Request data: <QueryDict: {'first_name': ['Rakib'], 'last_name': ['Rayhan']}>
ERROR 2024-06-26 13:33:57,623 log Internal Server Error: /api/v1/user/update
Traceback (most recent call last):
  File "/home/rayhan/DI Software Projects/JobPortal/venv/lib/python3.12/site-packages/django/core/handlers/exception.py", line 55, in inner
    response = get_response(request)
               ^^^^^^^^^^^^^^^^^^^^^
  File "/home/rayhan/DI Software Projects/JobPortal/venv/lib/python3.12/site-packages/django/core/handlers/base.py", line 197, in _get_response
    response = wrapped_callback(request, *callback_args, **callback_kwargs)
               ^^^^^^^^^^^^^^^^^^^^^^^^^^^^^^^^^^^^^^^^^^^^^^^^^^^^^^^^^^^^
  File "/home/rayhan/DI Software Projects/JobPortal/venv/lib/python3.12/site-packages/django/views/decorators/csrf.py", line 65, in _view_wrapper
    return view_func(request, *args, **kwargs)
           ^^^^^^^^^^^^^^^^^^^^^^^^^^^^^^^^^^^
  File "/home/rayhan/DI Software Projects/JobPortal/venv/lib/python3.12/site-packages/django/views/generic/base.py", line 104, in view
    return self.dispatch(request, *args, **kwargs)
           ^^^^^^^^^^^^^^^^^^^^^^^^^^^^^^^^^^^^^^^
  File "/home/rayhan/DI Software Projects/JobPortal/venv/lib/python3.12/site-packages/rest_framework/views.py", line 509, in dispatch
    response = self.handle_exception(exc)
               ^^^^^^^^^^^^^^^^^^^^^^^^^^
  File "/home/rayhan/DI Software Projects/JobPortal/venv/lib/python3.12/site-packages/rest_framework/views.py", line 469, in handle_exception
    self.raise_uncaught_exception(exc)
  File "/home/rayhan/DI Software Projects/JobPortal/venv/lib/python3.12/site-packages/rest_framework/views.py", line 480, in raise_uncaught_exception
    raise exc
  File "/home/rayhan/DI Software Projects/JobPortal/venv/lib/python3.12/site-packages/rest_framework/views.py", line 506, in dispatch
    response = handler(request, *args, **kwargs)
               ^^^^^^^^^^^^^^^^^^^^^^^^^^^^^^^^^
  File "/home/rayhan/DI Software Projects/JobPortal/DIJobs/DIJobs/views.py", line 36, in patch
    serializer = CustomUserUpdateSerializer(request.user, data=request.data, partial=True)
                 ^^^^^^^^^^^^^^^^^^^^^^^^^^
NameError: name 'CustomUserUpdateSerializer' is not defined
INFO 2024-06-26 13:34:57,547 autoreload /home/rayhan/DI Software Projects/JobPortal/DIJobs/DIJobs/views.py changed, reloading.
INFO 2024-06-26 13:34:57,807 autoreload Watching for file changes with StatReloader
INFO 2024-06-26 13:35:05,532 views Received PUT request to update user profile
DEBUG 2024-06-26 13:35:05,533 views Request data: <QueryDict: {'first_name': ['Rakib'], 'last_name': ['Rayhan']}>
ERROR 2024-06-26 13:35:05,553 log Internal Server Error: /api/v1/user/update
Traceback (most recent call last):
  File "/home/rayhan/DI Software Projects/JobPortal/venv/lib/python3.12/site-packages/django/core/handlers/exception.py", line 55, in inner
    response = get_response(request)
               ^^^^^^^^^^^^^^^^^^^^^
  File "/home/rayhan/DI Software Projects/JobPortal/venv/lib/python3.12/site-packages/django/core/handlers/base.py", line 197, in _get_response
    response = wrapped_callback(request, *callback_args, **callback_kwargs)
               ^^^^^^^^^^^^^^^^^^^^^^^^^^^^^^^^^^^^^^^^^^^^^^^^^^^^^^^^^^^^
  File "/home/rayhan/DI Software Projects/JobPortal/venv/lib/python3.12/site-packages/django/views/decorators/csrf.py", line 65, in _view_wrapper
    return view_func(request, *args, **kwargs)
           ^^^^^^^^^^^^^^^^^^^^^^^^^^^^^^^^^^^
  File "/home/rayhan/DI Software Projects/JobPortal/venv/lib/python3.12/site-packages/django/views/generic/base.py", line 104, in view
    return self.dispatch(request, *args, **kwargs)
           ^^^^^^^^^^^^^^^^^^^^^^^^^^^^^^^^^^^^^^^
  File "/home/rayhan/DI Software Projects/JobPortal/venv/lib/python3.12/site-packages/rest_framework/views.py", line 509, in dispatch
    response = self.handle_exception(exc)
               ^^^^^^^^^^^^^^^^^^^^^^^^^^
  File "/home/rayhan/DI Software Projects/JobPortal/venv/lib/python3.12/site-packages/rest_framework/views.py", line 469, in handle_exception
    self.raise_uncaught_exception(exc)
  File "/home/rayhan/DI Software Projects/JobPortal/venv/lib/python3.12/site-packages/rest_framework/views.py", line 480, in raise_uncaught_exception
    raise exc
  File "/home/rayhan/DI Software Projects/JobPortal/venv/lib/python3.12/site-packages/rest_framework/views.py", line 506, in dispatch
    response = handler(request, *args, **kwargs)
               ^^^^^^^^^^^^^^^^^^^^^^^^^^^^^^^^^
  File "/home/rayhan/DI Software Projects/JobPortal/DIJobs/DIJobs/views.py", line 37, in patch
    serializer = CustomUserUpdateSerializer(request.user, data=request.data, partial=True)
                 ^^^^^^^^^^^^^^^^^^^^^^^^^^^^^^^^^^^^^^^^^^^^^^^^^^^^^^^^^^^^^^^^^^^^^^^^^
TypeError: CustomUserUpdateSerializer() takes no arguments
INFO 2024-06-26 13:35:23,287 autoreload /home/rayhan/DI Software Projects/JobPortal/DIJobs/DIJobs/serializers.py changed, reloading.
INFO 2024-06-26 13:35:23,548 autoreload Watching for file changes with StatReloader
INFO 2024-06-26 13:35:28,492 views Received PUT request to update user profile
DEBUG 2024-06-26 13:35:28,492 views Request data: <QueryDict: {'first_name': ['Rakib'], 'last_name': ['Rayhan']}>
INFO 2024-06-26 13:35:28,493 views Serializer is valid, saving user profile
DEBUG 2024-06-26 13:35:28,500 views Updated user data: {'first_name': 'Rakib', 'last_name': 'Rayhan'}
INFO 2024-06-26 13:41:59,429 autoreload /home/rayhan/DI Software Projects/JobPortal/DIJobs/DIJobs/urls.py changed, reloading.
INFO 2024-06-26 13:41:59,667 autoreload Watching for file changes with StatReloader
INFO 2024-06-26 13:44:33,138 views Received PUT request to update user profile
DEBUG 2024-06-26 13:44:33,139 views Request data: <QueryDict: {'first_name': ['Ahmed'], 'email': ['RRakib@democracyinternational.com']}>
INFO 2024-06-26 13:44:33,140 views Serializer is valid, saving user profile
DEBUG 2024-06-26 13:44:33,141 views Updated user data: {'first_name': 'Ahmed', 'last_name': 'Rayhan'}
INFO 2024-06-26 13:46:56,419 views Received PUT request to update user profile
DEBUG 2024-06-26 13:46:56,419 views Request data: <QueryDict: {'first_name': ['Rakib'], 'last_name': ['Rayhan'], 'email': ['RRakib@democracyinternational.com']}>
INFO 2024-06-26 13:46:56,420 views Serializer is valid, saving user profile
DEBUG 2024-06-26 13:46:56,421 views Updated user data: {'first_name': 'Rakib', 'last_name': 'Rayhan'}
INFO 2024-06-26 14:07:21,234 views Received PUT request to update user profile
DEBUG 2024-06-26 14:07:21,234 views Request data: <QueryDict: {'first_name': ['Rakib'], 'last_name': ['Rayhan'], 'email': ['RRakib@democracyinternational.com']}>
INFO 2024-06-26 14:07:21,234 views Serializer is valid, saving user profile
DEBUG 2024-06-26 14:07:21,235 views Updated user data: {'first_name': 'Rakib', 'last_name': 'Rayhan'}
INFO 2024-06-26 14:26:22,144 autoreload /home/rayhan/DI Software Projects/JobPortal/DIJobs/DIJobs/views.py changed, reloading.
INFO 2024-06-26 14:26:22,424 autoreload Watching for file changes with StatReloader
INFO 2024-06-26 14:26:24,647 autoreload /home/rayhan/DI Software Projects/JobPortal/DIJobs/DIJobs/views.py changed, reloading.
INFO 2024-06-26 14:26:24,885 autoreload Watching for file changes with StatReloader
INFO 2024-06-26 14:26:27,094 autoreload /home/rayhan/DI Software Projects/JobPortal/DIJobs/DIJobs/views.py changed, reloading.
INFO 2024-06-26 14:26:27,332 autoreload Watching for file changes with StatReloader
INFO 2024-06-26 14:26:29,541 autoreload /home/rayhan/DI Software Projects/JobPortal/DIJobs/DIJobs/views.py changed, reloading.
INFO 2024-06-26 14:26:29,792 autoreload Watching for file changes with StatReloader
INFO 2024-06-26 14:26:31,003 autoreload /home/rayhan/DI Software Projects/JobPortal/DIJobs/DIJobs/views.py changed, reloading.
INFO 2024-06-26 14:26:31,262 autoreload Watching for file changes with StatReloader
INFO 2024-06-26 14:26:33,476 autoreload /home/rayhan/DI Software Projects/JobPortal/DIJobs/DIJobs/views.py changed, reloading.
INFO 2024-06-26 14:26:33,716 autoreload Watching for file changes with StatReloader
INFO 2024-06-26 14:26:35,932 autoreload /home/rayhan/DI Software Projects/JobPortal/DIJobs/DIJobs/views.py changed, reloading.
INFO 2024-06-26 14:26:36,173 autoreload Watching for file changes with StatReloader
INFO 2024-06-26 14:26:45,448 autoreload /home/rayhan/DI Software Projects/JobPortal/DIJobs/DIJobs/views.py changed, reloading.
INFO 2024-06-26 14:26:45,679 autoreload Watching for file changes with StatReloader
WARNING 2024-06-26 17:05:39,816 log Bad Request: /api/v1/token/login
WARNING 2024-06-26 17:05:46,296 log Bad Request: /api/v1/token/login
WARNING 2024-06-26 17:10:58,172 log Bad Request: /api/v1/users/set_password/
WARNING 2024-06-26 17:11:06,359 log Unauthorized: /api/v1/users/set_password/
WARNING 2024-06-26 17:11:18,530 log Bad Request: /api/v1/users/set_password/
INFO 2024-06-26 17:12:15,100 autoreload /home/rayhan/DI Software Projects/JobPortal/DIJobs/DIJobs/settings.py changed, reloading.
INFO 2024-06-26 17:12:50,415 autoreload Watching for file changes with StatReloader
WARNING 2024-06-26 17:13:05,550 log Bad Request: /api/v1/users/set_password/
WARNING 2024-06-26 17:13:45,186 log Bad Request: /api/v1/users/set_password/
WARNING 2024-06-26 17:14:03,524 log Bad Request: /api/v1/token/login
WARNING 2024-06-26 17:14:08,594 log Bad Request: /api/v1/token/login
WARNING 2024-06-26 17:14:12,566 log Bad Request: /api/v1/token/login
WARNING 2024-06-26 17:14:33,224 log Bad Request: /api/v1/users/set_password/
WARNING 2024-06-26 17:23:56,100 log Method Not Allowed: /api/v1/users/me/
WARNING 2024-06-26 17:24:55,630 log Not Found: /api/v1/users//set_password/
WARNING 2024-06-26 17:25:08,105 log Bad Request: /api/v1/users/set_password/
WARNING 2024-06-26 17:26:07,250 log Bad Request: /api/v1/users/set_password/
WARNING 2024-06-26 20:30:52,059 log Bad Request: /api/v1/users/set_password/
WARNING 2024-06-26 20:31:06,594 log Bad Request: /api/v1/users/set_password/
WARNING 2024-06-26 20:31:58,757 log Bad Request: /api/v1/users/set_password/
WARNING 2024-06-26 20:32:23,499 log Bad Request: /api/v1/users/set_password/
WARNING 2024-06-26 20:32:31,132 log Bad Request: /api/v1/users/set_password/
WARNING 2024-06-26 20:44:21,888 log Bad Request: /api/v1/users/set_password/
WARNING 2024-06-26 20:46:11,111 log Bad Request: /api/v1/users/set_password/
